x y val
28 153 1
28 153 1
47 39 1
19 91 1
67 107 1
21 131 1
19 211 1
20 59 1
19 209 1
50 69 1
11 79 1
55 171 1
16 151 1
58 125 1
16 207 1
58 3 1
45 209 1
43 17 1
52 43 1
47 15 1
2 161 1
19 163 1
37 161 1
45 53 1
53 43 1
41 41 1
37 205 1
62 45 1
20 183 1
56 79 1
67 109 1
42 123 1
60 135 1
13 197 1
61 83 1
47 173 1
63 127 1
15 117 1
36 71 1
32 27 1
51 167 1
58 181 1
43 49 1
29 71 1
23 185 1
24 19 1
3 115 1
57 11 1
22 167 1
59 207 1
34 211 1
41 15 1
66 41 1
26 123 1
17 147 1
43 61 1
8 91 1
32 133 1
7 161 1
29 97 1
24 53 1
49 209 1
17 9 1
30 129 1
24 185 1
45 151 1
19 131 1
44 23 1
47 153 1
42 71 1
34 131 1
14 167 1
40 89 1
50 147 1
53 9 1
54 197 1
52 19 1
38 203 1
8 135 1
43 143 1
40 31 1
33 37 1
4 101 1
58 39 1
51 81 1
21 183 1
36 139 1
62 45 1
20 87 1
28 141 1
11 91 1
47 145 1
11 63 1
2 99 1
10 135 1
1 65 1
46 135 1
16 135 1
67 153 1
10 67 1
27 23 1
25 59 1
21 69 1
32 143 1
63 175 1
35 135 1
5 107 1
58 159 1
61 87 1
21 57 1
58 31 1
23 137 1
21 51 1
9 69 1
14 149 1
50 35 1
32 45 1
50 61 1
56 207 1
25 149 1
6 145 1
1 179 1
51 137 1
14 71 1
28 45 1
8 21 1
55 197 1
25 81 1
50 25 1
55 1 1
57 193 1
46 141 1
16 61 1
19 43 1
4 197 1
35 67 1
58 201 1
20 21 1
30 163 1
41 69 1
7 107 1
47 175 1
20 99 1
35 161 1
46 193 1
64 13 1
65 137 1
16 77 1
16 137 1
14 95 1
57 47 1
12 3 1
57 159 1
55 125 1
51 151 1
23 25 1
15 103 1
25 31 1
19 153 1
66 23 1
58 139 1
42 5 1
60 21 1
15 187 1
14 185 1
1 135 1
68 65 1
68 51 1
3 29 1
54 53 1
54 177 1
14 59 1
63 115 1
4 137 1
43 153 1
17 213 1
51 25 1
24 5 1
50 5 1
55 133 1
28 137 1
10 5 1
28 123 1
17 17 1
3 55 1
11 209 1
25 191 1
3 141 1
10 65 1
20 105 1
20 79 1
5 155 1
68 219 1
42 1 1
23 127 1
61 113 1
53 215 1
68 191 1
61 121 1
31 217 1
52 21 1
35 127 1
61 95 1
41 207 1
54 13 1
5 39 1
66 119 1
68 177 1
35 203 1
11 49 1
15 205 1
62 57 1
7 203 1
15 219 1
51 13 1
25 161 1
22 187 1
14 71 1
8 119 1
11 107 1
45 17 1
51 77 1
41 105 1
10 49 1
27 49 1
20 211 1
47 91 1
52 161 1
31 87 1
23 147 1
42 133 1
11 115 1
57 219 1
55 131 1
58 193 1
30 213 1
23 37 1
48 139 1
31 169 1
25 53 1
62 71 1
65 93 1
28 177 1
8 9 1
42 207 1
50 65 1
33 217 1
15 21 1
29 193 1
38 83 1
18 109 1
24 103 1
42 83 1
33 207 1
22 187 1
3 215 1
12 45 1
25 209 1
23 45 1
66 5 1
30 119 1
14 93 1
50 119 1
16 83 1
42 57 1
67 7 1
40 95 1
63 83 1
56 131 1
37 127 1
37 149 1
11 169 1
11 121 1
39 41 1
17 145 1
41 129 1
53 29 1
60 59 1
62 51 1
30 19 1
63 199 1
35 199 1
62 149 1
22 53 1
66 213 1
6 49 1
21 21 1
49 49 1
51 47 1
39 193 1
12 39 1
41 23 1
41 185 1
25 173 1
19 181 1
12 169 1
51 159 1
65 11 1
8 113 1
10 57 1
60 11 1
40 171 1
33 179 1
20 49 1
32 99 1
3 35 1
20 69 1
6 21 1
41 191 1
40 117 1
49 185 1
15 1 1
11 63 1
58 189 1
57 63 1
47 19 1
52 81 1
66 1 1
11 201 1
41 155 1
19 17 1
37 173 1
65 85 1
38 117 1
18 95 1
2 205 1
36 1 1
67 23 1
32 151 1
7 151 1
21 53 1
49 105 1
3 167 1
8 65 1
13 93 1
15 37 1
21 209 1
17 35 1
20 77 1
29 35 1
34 103 1
2 217 1
31 141 1
68 83 1
52 205 1
33 167 1
10 3 1
1 59 1
42 47 1
15 75 1
50 129 1
23 171 1
57 7 1
67 31 1
48 63 1
37 151 1
65 143 1
20 171 1
36 15 1
4 129 1
68 207 1
45 121 1
32 37 1
6 49 1
63 215 1
7 47 1
35 29 1
58 127 1
54 3 1
22 127 1
6 31 1
19 113 1
47 133 1
19 55 1
1 7 1
57 113 1
29 61 1
53 111 1
42 163 1
40 167 1
8 83 1
50 201 1
3 111 1
8 115 1
56 53 1
19 45 1
35 87 1
33 153 1
54 215 1
59 71 1
39 143 1
1 75 1
26 173 1
61 149 1
15 3 1
50 53 1
5 93 1
10 109 1
65 167 1
31 25 1
60 143 1
1 177 1
58 51 1
35 21 1
58 207 1
42 15 1
60 61 1
60 73 1
28 127 1
4 111 1
29 113 1
41 47 1
10 7 1
10 99 1
61 161 1
20 177 1
50 49 1
24 117 1
11 183 1
44 75 1
27 103 1
34 175 1
29 119 1
50 107 1
64 113 1
52 53 1
46 27 1
24 81 1
14 7 1
41 131 1
39 87 1
1 103 1
53 59 1
30 99 1
2 95 1
33 35 1
53 15 1
47 65 1
17 29 1
15 77 1
19 147 1
43 73 1
57 91 1
2 187 1
36 95 1
16 79 1
63 61 1
31 7 1
36 25 1
64 199 1
38 175 1
50 79 1
24 159 1
53 193 1
42 107 1
51 35 1
64 177 1
52 63 1
39 7 1
66 33 1
17 17 1
19 183 1
26 57 1
62 139 1
55 207 1
37 109 1
51 117 1
55 45 1
20 57 1
22 143 1
60 111 1
21 163 1
45 25 1
10 141 1
56 61 1
49 59 1
20 23 1
1 171 1
41 139 1
50 61 1
27 131 1
13 141 1
35 213 1
62 19 1
4 213 1
57 147 1
23 91 1
50 209 1
38 55 1
7 107 1
33 155 1
24 5 1
22 119 1
20 85 1
11 111 1
5 131 1
65 117 1
38 219 1
26 141 1
24 119 1
65 195 1
27 215 1
61 79 1
4 59 1
25 15 1
46 211 1
19 133 1
3 17 1
15 177 1
45 169 1
38 65 1
26 55 1
46 149 1
61 181 1
55 65 1
50 31 1
48 171 1
46 133 1
23 93 1
8 109 1
8 105 1
47 123 1
13 83 1
56 35 1
62 205 1
40 173 1
60 199 1
62 13 1
14 171 1
29 159 1
29 201 1
64 201 1
68 179 1
67 53 1
51 77 1
14 127 1
63 67 1
6 39 1
60 113 1
2 31 1
14 95 1
36 77 1
57 61 1
13 17 1
17 73 1
49 203 1
29 145 1
46 145 1
25 185 1
8 109 1
28 43 1
31 59 1
7 197 1
41 151 1
21 145 1
15 69 1
52 179 1
11 7 1
22 127 1
32 13 1
14 147 1
9 165 1
33 181 1
9 207 1
61 133 1
14 79 1
44 161 1
1 193 1
63 135 1
57 129 1
60 153 1
59 103 1
20 63 1
7 3 1
10 163 1
2 29 1
10 105 1
26 135 1
61 87 1
25 155 1
2 33 1
59 121 1
36 145 1
65 199 1
6 167 1
24 107 1
34 87 1
32 211 1
65 21 1
65 157 1
68 203 1
54 149 1
57 107 1
4 45 1
12 105 1
54 195 1
30 59 1
65 125 1
33 219 1
49 33 1
63 209 1
45 205 1
41 209 1
64 105 1
65 23 1
30 79 1
47 153 1
64 191 1
67 93 1
43 73 1
28 209 1
67 65 1
34 161 1
5 97 1
36 143 1
33 49 1
36 129 1
67 87 1
14 97 1
44 49 1
4 95 1
66 131 1
34 205 1
38 93 1
5 151 1
35 41 1
34 201 1
30 97 1
13 181 1
54 181 1
61 103 1
3 111 1
52 199 1
4 191 1
28 63 1
19 173 1
58 197 1
30 95 1
12 131 1
7 97 1
35 31 1
18 167 1
62 199 1
60 3 1
14 211 1
59 49 1
7 199 1
3 97 1
65 57 1
14 167 1
63 25 1
11 167 1
65 27 1
47 139 1
64 97 1
30 159 1
11 189 1
18 139 1
27 89 1
28 165 1
46 175 1
63 111 1
18 179 1
32 217 1
32 3 1
68 73 1
17 97 1
45 85 1
10 127 1
42 161 1
21 93 1
18 131 1
28 5 1
60 145 1
27 161 1
58 131 1
18 191 1
60 219 1
27 9 1
64 161 1
40 89 1
14 141 1
7 205 1
35 81 1
53 119 1
58 87 1
8 53 1
57 187 1
67 197 1
45 127 1
39 67 1
63 165 1
36 135 1
61 107 1
9 11 1
34 37 1
49 31 1
37 25 1
19 117 1
38 87 1
54 3 1
26 185 1
68 161 1
49 181 1
39 141 1
42 39 1
4 11 1
59 215 1
36 99 1
21 213 1
24 147 1
67 197 1
36 219 1
31 119 1
9 9 1
1 19 1
43 189 1
13 195 1
22 171 1
27 3 1
44 57 1
59 161 1
63 207 1
19 25 1
5 67 1
2 81 1
66 97 1
1 97 1
46 15 1
45 147 1
32 9 1
67 45 1
16 205 1
37 97 1
56 41 1
6 9 1
17 49 1
13 153 1
53 153 1
8 51 1
60 7 1
38 159 1
35 39 1
58 17 1
65 17 1
51 95 1
66 33 1
16 43 1
6 187 1
37 129 1
20 9 1
5 209 1
40 131 1
42 171 1
20 217 1
56 87 1
17 41 1
37 29 1
68 121 1
23 31 1
60 121 1
14 183 1
8 137 1
39 165 1
49 157 1
21 75 1
31 149 1
4 207 1
66 81 1
8 95 1
18 155 1
47 203 1
21 65 1
27 39 1
50 33 1
7 189 1
42 55 1
45 77 1
23 201 1
31 175 1
13 51 1
34 27 1
52 71 1
30 53 1
36 127 1
68 29 1
58 59 1
53 63 1
41 61 1
38 211 1
40 79 1
21 43 1
10 179 1
6 21 1
31 203 1
60 117 1
10 155 1
62 125 1
31 143 1
31 11 1
6 105 1
62 103 1
59 127 1
42 177 1
61 29 1
12 41 1
9 23 1
60 21 1
37 41 1
54 11 1
33 163 1
15 7 1
34 115 1
27 37 1
50 127 1
64 101 1
46 167 1
23 155 1
51 47 1
19 115 1
31 149 1
41 53 1
66 41 1
3 27 1
6 55 1
2 159 1
39 33 1
24 79 1
5 25 1
16 117 1
54 27 1
27 49 1
58 207 1
57 43 1
22 33 1
65 121 1
52 205 1
26 193 1
61 41 1
16 159 1
7 35 1
12 117 1
60 209 1
43 45 1
37 47 1
15 43 1
38 75 1
2 197 1
58 161 1
22 9 1
7 1 1
40 133 1
37 173 1
64 127 1
3 173 1
1 163 1
30 45 1
68 149 1
59 37 1
7 209 1
19 105 1
68 33 1
4 211 1
35 185 1
48 93 1
24 23 1
38 165 1
21 169 1
57 107 1
40 37 1
56 219 1
28 115 1
1 71 1
35 111 1
19 215 1
51 59 1
35 165 1
19 161 1
23 1 1
66 9 1
46 149 1
31 31 1
30 85 1
42 119 1
58 125 1
67 19 1
53 69 1
36 49 1
31 193 1
58 97 1
8 99 1
45 141 1
26 61 1
50 109 1
30 191 1
39 197 1
67 171 1
38 1 1
26 201 1
35 89 1
27 47 1
33 59 1
13 197 1
37 169 1
15 213 1
63 115 1
43 105 1
41 207 1
64 175 1
49 181 1
43 23 1
47 27 1
68 63 1
19 67 1
40 57 1
20 177 1
7 205 1
34 207 1
50 63 1
41 165 1
3 73 1
14 107 1
65 137 1
3 167 1
10 121 1
59 173 1
62 113 1
41 149 1
28 25 1
31 59 1
17 151 1
36 79 1
10 189 1
52 139 1
67 63 1
13 73 1
2 97 1
63 95 1
30 59 1
17 189 1
28 13 1
65 23 1
41 91 1
26 121 1
1 93 1
3 99 1
40 171 1
61 187 1
28 63 1
41 203 1
67 167 1
62 109 1
21 21 1
13 121 1
66 111 1
13 157 1
27 125 1
58 185 1
62 37 1
22 47 1
7 113 1
59 211 1
21 157 1
8 113 1
64 79 1
57 153 1
44 95 1
5 169 1
30 83 1
49 195 1
38 129 1
65 57 1
1 109 1
58 171 1
61 145 1
38 47 1
68 101 1
33 153 1
32 25 1
66 157 1
62 33 1
19 119 1
28 57 1
59 33 1
44 163 1
68 177 1
34 83 1
60 155 1
15 57 1
20 67 1
31 203 1
64 179 1
29 181 1
55 59 1
59 41 1
68 11 1
43 101 1
49 131 1
3 171 1
66 33 1
3 119 1
9 123 1
35 101 1
17 209 1
10 43 1
19 209 1
60 199 1
35 193 1
32 179 1
54 145 1
47 35 1
2 181 1
1 203 1
8 165 1
54 181 1
13 109 1
39 97 1
18 183 1
24 41 1
66 85 1
34 161 1
54 139 1
18 45 1
3 133 1
67 97 1
56 177 1
7 57 1
59 33 1
45 199 1
58 95 1
47 189 1
17 75 1
24 21 1
44 163 1
10 143 1
23 65 1
18 185 1
55 19 1
10 53 1
29 115 1
44 213 1
8 173 1
33 51 1
35 59 1
66 93 1
10 115 1
10 13 1
7 149 1
30 87 1
57 153 1
23 77 1
26 141 1
53 199 1
67 27 1
10 79 1
24 69 1
38 199 1
5 155 1
11 65 1
9 201 1
15 161 1
14 205 1
48 137 1
56 21 1
30 61 1
1 195 1
46 31 1
47 23 1
24 93 1
31 181 1
24 195 1
51 61 1
35 133 1
23 107 1
7 77 1
51 127 1
38 149 1
26 95 1
41 31 1
63 71 1
30 89 1
62 173 1
51 73 1
58 181 1
61 129 1
50 35 1
41 213 1
22 83 1
36 191 1
40 21 1
5 127 1
9 189 1
58 67 1
24 91 1
2 155 1
3 145 1
11 209 1
45 17 1
51 135 1
3 59 1
7 43 1
6 113 1
25 65 1
12 169 1
9 175 1
35 69 1
50 81 1
5 113 1
50 99 1
45 97 1
6 219 1
46 51 1
34 57 1
2 195 1
3 11 1
34 3 1
5 1 1
45 83 1
21 149 1
25 219 1
5 43 1
43 183 1
53 207 1
32 159 1
18 23 1
19 205 1
67 147 1
43 47 1
44 177 1
6 111 1
40 83 1
48 9 1
45 55 1
41 127 1
11 97 1
31 215 1
45 93 1
49 113 1
21 81 1
48 13 1
5 113 1
49 151 1
64 17 1
26 13 1
10 29 1
52 129 1
4 189 1
44 117 1
5 137 1
8 111 1
25 187 1
60 79 1
6 119 1
6 91 1
48 123 1
11 217 1
32 211 1
38 147 1
47 45 1
32 145 1
20 149 1
35 209 1
51 69 1
4 123 1
29 97 1
30 121 1
33 191 1
1 89 1
67 1 1
58 201 1
53 67 1
16 93 1
16 171 1
19 187 1
6 27 1
68 131 1
52 15 1
48 127 1
24 119 1
24 85 1
37 87 1
36 55 1
58 213 1
4 209 1
36 131 1
61 9 1
64 173 1
35 207 1
5 219 1
23 147 1
8 215 1
38 173 1
35 73 1
37 199 1
45 213 1
9 11 1
51 81 1
60 75 1
29 25 1
8 169 1
24 97 1
51 215 1
44 31 1
52 157 1
60 89 1
24 31 1
61 211 1
2 1 1
28 113 1
6 9 1
42 137 1
58 13 1
4 139 1
44 177 1
1 117 1
65 3 1
3 37 1
39 79 1
58 11 1
67 27 1
9 185 1
28 77 1
52 75 1
32 143 1
37 147 1
33 17 1
41 113 1
43 187 1
50 195 1
1 63 1
8 37 1
6 15 1
53 89 1
29 27 1
29 85 1
21 21 1
5 161 1
41 31 1
44 217 1
47 175 1
65 91 1
12 81 1
45 181 1
21 77 1
40 67 1
64 189 1
30 63 1
23 127 1
4 111 1
4 175 1
14 135 1
58 91 1
63 145 1
43 93 1
16 125 1
21 151 1
26 3 1
44 37 1
17 171 1
36 151 1
17 183 1
11 129 1
8 85 1
38 201 1
20 181 1
56 9 1
16 67 1
20 117 1
15 25 1
57 129 1
47 181 1
6 171 1
17 95 1
51 49 1
27 67 1
53 89 1
19 91 1
9 125 1
48 87 1
41 15 1
59 31 1
27 151 1
64 27 1
53 3 1
10 85 1
14 33 1
45 13 1
51 175 1
35 177 1
63 37 1
56 167 1
64 213 1
11 33 1
4 57 1
36 185 1
33 11 1
26 109 1
13 183 1
53 87 1
18 13 1
6 65 1
54 39 1
37 101 1
52 89 1
64 67 1
31 185 1
40 49 1
23 139 1
15 25 1
2 87 1
5 77 1
53 69 1
6 199 1
28 165 1
1 213 1
21 19 1
65 163 1
45 41 1
23 167 1
55 123 1
24 149 1
44 145 1
49 121 1
4 81 1
4 117 1
30 23 1
40 135 1
40 175 1
34 199 1
34 219 1
61 21 1
50 45 1
58 139 1
51 117 1
52 11 1
62 9 1
3 217 1
27 191 1
63 167 1
7 31 1
33 39 1
50 151 1
4 47 1
62 89 1
47 149 1
61 45 1
33 127 1
68 75 1
15 191 1
34 71 1
48 45 1
11 145 1
38 211 1
11 71 1
22 117 1
4 175 1
11 7 1
32 47 1
7 165 1
24 5 1
16 189 1
63 91 1
9 91 1
15 127 1
58 87 1
29 29 1
22 169 1
64 213 1
12 187 1
31 95 1
35 33 1
38 131 1
10 25 1
12 59 1
13 135 1
26 5 1
39 169 1
1 17 1
50 199 1
68 77 1
22 43 1
58 209 1
54 41 1
9 15 1
9 121 1
20 105 1
10 29 1
59 107 1
9 201 1
23 161 1
4 7 1
37 213 1
57 71 1
13 93 1
64 89 1
52 57 1
32 31 1
42 137 1
15 169 1
56 179 1
3 47 1
55 111 1
48 61 1
42 71 1
64 89 1
21 163 1
58 87 1
50 83 1
29 181 1
32 141 1
24 69 1
40 153 1
61 217 1
23 173 1
30 179 1
27 55 1
13 127 1
21 147 1
67 71 1
43 73 1
66 147 1
26 119 1
34 37 1
35 217 1
52 175 1
9 105 1
41 131 1
22 109 1
61 187 1
6 87 1
42 167 1
31 189 1
48 139 1
28 191 1
53 171 1
50 141 1
22 107 1
8 63 1
10 171 1
17 3 1
14 95 1
41 117 1
42 109 1
43 83 1
46 77 1
28 193 1
16 69 1
48 93 1
24 121 1
58 43 1
51 169 1
44 175 1
29 97 1
56 37 1
52 173 1
54 201 1
30 177 1
51 191 1
3 155 1
66 177 1
12 145 1
52 29 1
6 19 1
8 141 1
64 139 1
41 87 1
57 61 1
46 103 1
17 173 1
51 197 1
12 91 1
28 109 1
7 63 1
29 135 1
10 163 1
39 165 1
55 113 1
28 207 1
37 29 1
42 29 1
45 119 1
64 5 1
11 213 1
5 199 1
45 139 1
65 83 1
50 83 1
46 169 1
3 189 1
11 35 1
15 111 1
7 105 1
10 207 1
57 191 1
39 147 1
52 121 1
65 217 1
51 115 1
45 41 1
50 169 1
14 37 1
43 9 1
32 119 1
17 7 1
58 49 1
25 61 1
53 89 1
8 167 1
36 53 1
32 165 1
42 59 1
2 203 1
26 215 1
13 35 1
65 171 1
12 131 1
11 199 1
25 135 1
35 93 1
13 177 1
6 3 1
51 39 1
27 119 1
8 159 1
12 183 1
11 115 1
47 211 1
54 143 1
67 189 1
67 183 1
57 201 1
42 35 1
43 167 1
34 89 1
43 25 1
33 173 1
32 101 1
3 43 1
64 209 1
68 27 1
46 203 1
67 173 1
37 111 1
16 125 1
33 23 1
16 145 1
61 117 1
57 135 1
60 153 1
32 71 1
59 93 1
5 41 1
62 33 1
51 205 1
60 121 1
5 3 1
19 173 1
22 183 1
20 13 1
55 157 1
28 147 1
19 69 1
34 65 1
64 197 1
52 149 1
9 123 1
54 201 1
33 155 1
59 199 1
29 187 1
16 205 1
44 97 1
20 85 1
38 201 1
55 149 1
8 171 1
26 109 1
36 197 1
16 77 1
21 143 1
6 137 1
21 1 1
6 161 1
62 65 1
37 135 1
51 165 1
17 29 1
12 1 1
39 47 1
43 89 1
8 133 1
35 215 1
18 45 1
48 53 1
67 17 1
43 167 1
37 191 1
36 207 1
46 163 1
65 39 1
23 141 1
25 59 1
26 75 1
58 151 1
58 119 1
8 131 1
2 105 1
52 45 1
44 81 1
54 153 1
20 143 1
64 97 1
55 63 1
26 91 1
62 125 1
20 67 1
43 57 1
5 15 1
13 49 1
1 3 1
59 115 1
17 145 1
55 207 1
42 181 1
1 101 1
34 133 1
32 49 1
27 215 1
60 35 1
8 133 1
65 165 1
1 189 1
28 147 1
22 1 1
41 3 1
56 197 1
41 9 1
2 63 1
68 31 1
32 205 1
6 51 1
27 139 1
43 37 1
41 51 1
1 109 1
30 7 1
67 149 1
1 41 1
1 95 1
39 185 1
21 75 1
19 23 1
15 83 1
40 197 1
49 131 1
19 179 1
4 79 1
46 53 1
38 35 1
9 211 1
63 53 1
39 131 1
6 131 1
1 83 1
57 39 1
28 25 1
53 219 1
58 153 1
57 89 1
44 125 1
26 197 1
16 159 1
5 143 1
32 43 1
47 33 1
47 123 1
27 77 1
43 83 1
9 147 1
42 45 1
54 147 1
44 215 1
63 121 1
46 101 1
30 89 1
11 217 1
8 39 1
35 49 1
57 219 1
29 73 1
39 21 1
27 7 1
27 71 1
41 193 1
5 165 1
64 151 1
60 91 1
45 129 1
58 109 1
68 63 1
19 201 1
2 9 1
8 217 1
9 193 1
32 129 1
9 149 1
60 103 1
45 133 1
27 173 1
20 197 1
40 85 1
59 37 1
43 127 1
21 149 1
37 29 1
2 139 1
14 65 1
9 79 1
52 81 1
17 195 1
6 173 1
35 5 1
19 87 1
38 65 1
39 209 1
66 119 1
20 119 1
13 117 1
34 217 1
49 141 1
38 61 1
23 25 1
60 83 1
52 31 1
61 87 1
9 215 1
62 217 1
64 159 1
15 201 1
35 81 1
59 11 1
32 107 1
27 143 1
49 11 1
63 7 1
38 153 1
48 155 1
39 167 1
36 129 1
54 41 1
58 141 1
34 167 1
8 129 1
55 91 1
47 213 1
3 63 1
38 121 1
25 35 1
52 171 1
28 17 1
14 43 1
4 113 1
24 59 1
3 129 1
26 47 1
17 181 1
36 37 1
64 39 1
35 207 1
13 167 1
66 177 1
38 89 1
11 167 1
29 139 1
41 165 1
9 37 1
35 167 1
48 115 1
5 101 1
12 181 1
68 95 1
67 87 1
7 85 1
26 91 1
58 183 1
48 47 1
40 3 1
5 97 1
44 127 1
66 37 1
12 181 1
37 173 1
57 203 1
40 207 1
16 79 1
5 217 1
45 97 1
65 51 1
66 25 1
14 159 1
35 207 1
46 17 1
47 203 1
25 191 1
3 179 1
36 95 1
67 213 1
43 201 1
31 203 1
55 63 1
32 117 1
61 163 1
20 135 1
16 61 1
41 101 1
38 37 1
24 1 1
36 173 1
65 205 1
55 123 1
61 163 1
64 143 1
40 73 1
65 123 1
20 211 1
31 205 1
31 215 1
66 99 1
29 59 1
20 209 1
47 175 1
48 91 1
56 133 1
6 147 1
20 5 1
67 187 1
28 111 1
17 191 1
1 173 1
45 95 1
12 145 1
6 29 1
27 173 1
2 211 1
68 153 1
17 181 1
34 141 1
4 121 1
61 143 1
62 1 1
40 117 1
11 167 1
31 141 1
51 21 1
32 127 1
40 103 1
64 111 1
66 47 1
61 153 1
16 219 1
12 119 1
40 133 1
43 91 1
32 115 1
26 131 1
58 39 1
6 53 1
15 145 1
23 95 1
23 155 1
10 97 1
12 195 1
12 17 1
33 91 1
28 159 1
53 85 1
13 23 1
59 39 1
9 105 1
13 33 1
29 27 1
62 3 1
18 215 1
38 95 1
31 87 1
62 51 1
48 67 1
44 61 1
61 213 1
48 147 1
33 79 1
34 27 1
57 79 1
20 71 1
60 29 1
43 71 1
15 83 1
18 119 1
58 155 1
50 23 1
16 203 1
38 169 1
13 175 1
7 97 1
44 83 1
58 197 1
19 121 1
1 113 1
58 119 1
44 127 1
31 135 1
10 157 1
12 31 1
12 25 1
44 175 1
50 17 1
8 179 1
48 39 1
57 195 1
54 9 1
68 181 1
62 13 1
37 93 1
32 169 1
9 201 1
32 29 1
62 209 1
48 215 1
18 183 1
22 13 1
24 169 1
37 177 1
8 27 1
50 113 1
45 67 1
24 19 1
59 113 1
6 93 1
22 149 1
19 173 1
8 73 1
66 181 1
53 167 1
23 105 1
46 41 1
18 73 1
17 103 1
31 183 1
38 163 1
58 189 1
28 41 1
7 61 1
21 93 1
56 77 1
18 161 1
50 165 1
62 117 1
37 55 1
8 123 1
41 213 1
9 5 1
2 129 1
11 191 1
11 5 1
40 203 1
57 157 1
43 79 1
10 85 1
55 207 1
66 159 1
56 175 1
36 125 1
62 155 1
31 135 1
38 161 1
15 141 1
27 63 1
23 151 1
56 119 1
22 1 1
16 163 1
23 3 1
42 161 1
47 153 1
13 87 1
40 177 1
61 75 1
6 217 1
48 213 1
4 113 1
58 3 1
14 203 1
68 127 1
39 175 1
20 17 1
54 85 1
1 215 1
18 83 1
1 189 1
7 49 1
44 205 1
5 173 1
17 35 1
16 21 1
24 217 1
1 117 1
17 77 1
27 31 1
4 211 1
2 135 1
23 193 1
6 215 1
17 133 1
37 195 1
36 171 1
27 51 1
40 147 1
37 37 1
23 193 1
39 143 1
56 95 1
17 177 1
21 137 1
21 185 1
47 171 1
65 21 1
65 69 1
46 151 1
3 95 1
22 41 1
22 5 1
47 189 1
49 217 1
67 115 1
11 163 1
65 111 1
15 43 1
43 73 1
6 51 1
14 5 1
10 33 1
14 91 1
67 171 1
47 99 1
18 49 1
12 77 1
37 127 1
53 129 1
56 155 1
25 181 1
23 47 1
47 69 1
16 93 1
30 133 1
29 19 1
58 77 1
56 29 1
24 93 1
59 187 1
46 79 1
51 11 1
45 75 1
15 41 1
35 9 1
51 79 1
31 187 1
66 23 1
33 193 1
66 201 1
13 3 1
37 111 1
51 51 1
30 41 1
22 187 1
12 161 1
39 139 1
66 193 1
14 37 1
59 119 1
6 153 1
68 175 1
50 177 1
30 71 1
50 113 1
37 127 1
28 183 1
20 131 1
15 29 1
40 157 1
45 179 1
47 139 1
10 111 1
56 131 1
57 217 1
44 27 1
61 83 1
5 125 1
53 173 1
18 217 1
60 31 1
36 69 1
29 63 1
37 3 1
46 143 1
9 163 1
20 43 1
58 137 1
62 97 1
1 213 1
40 209 1
59 135 1
25 99 1
11 111 1
45 217 1
23 57 1
30 215 1
54 61 1
33 123 1
39 39 1
9 5 1
11 123 1
37 77 1
9 85 1
5 39 1
15 43 1
43 103 1
13 75 1
8 189 1
40 85 1
58 71 1
52 89 1
55 211 1
19 159 1
20 169 1
58 175 1
60 133 1
1 205 1
48 187 1
34 183 1
60 69 1
47 33 1
55 151 1
29 143 1
52 21 1
54 101 1
60 139 1
56 157 1
28 149 1
23 187 1
3 131 1
32 45 1
18 89 1
1 201 1
63 37 1
57 101 1
17 111 1
19 25 1
9 3 1
57 161 1
28 175 1
33 177 1
12 201 1
34 83 1
10 93 1
44 9 1
32 179 1
23 67 1
23 79 1
29 189 1
62 213 1
21 211 1
37 147 1
52 39 1
62 145 1
41 73 1
13 207 1
39 145 1
8 175 1
22 135 1
11 167 1
63 139 1
29 85 1
31 7 1
16 5 1
17 75 1
29 45 1
51 209 1
52 203 1
68 199 1
33 209 1
45 139 1
34 101 1
39 161 1
16 155 1
41 49 1
60 83 1
66 173 1
51 43 1
49 109 1
5 41 1
29 77 1
37 131 1
17 127 1
10 163 1
16 173 1
10 93 1
45 173 1
11 145 1
25 191 1
5 41 1
59 1 1
29 37 1
5 165 1
1 185 1
23 17 1
62 7 1
67 49 1
32 79 1
11 125 1
37 171 1
61 111 1
46 215 1
59 161 1
44 85 1
16 123 1
34 97 1
1 67 1
38 97 1
33 181 1
51 77 1
2 45 1
1 49 1
28 81 1
67 79 1
60 213 1
16 163 1
67 141 1
45 187 1
6 197 1
49 195 1
68 31 1
37 19 1
67 205 1
37 9 1
23 209 1
24 179 1
34 215 1
54 113 1
50 7 1
33 115 1
49 143 1
16 57 1
10 35 1
10 199 1
41 211 1
7 179 1
49 173 1
8 93 1
39 167 1
46 133 1
25 155 1
66 65 1
28 179 1
68 217 1
34 87 1
20 27 1
52 175 1
32 219 1
54 189 1
54 127 1
24 179 1
8 7 1
61 187 1
58 129 1
36 1 1
48 181 1
61 65 1
64 75 1
13 217 1
35 9 1
18 111 1
16 149 1
52 13 1
24 165 1
54 113 1
12 83 1
35 121 1
57 157 1
40 179 1
15 163 1
11 127 1
26 65 1
22 67 1
25 139 1
25 99 1
6 121 1
32 145 1
63 141 1
55 207 1
65 207 1
23 209 1
37 85 1
54 193 1
50 145 1
34 37 1
12 7 1
12 85 1
41 49 1
32 15 1
4 137 1
23 13 1
12 33 1
45 33 1
24 161 1
4 25 1
44 211 1
38 85 1
12 105 1
43 139 1
52 51 1
7 171 1
33 207 1
49 185 1
1 203 1
14 201 1
8 161 1
7 21 1
42 99 1
67 175 1
22 43 1
10 55 1
9 191 1
21 5 1
59 169 1
46 55 1
53 135 1
45 51 1
4 27 1
39 191 1
21 49 1
43 19 1
49 13 1
20 99 1
59 87 1
17 83 1
20 185 1
65 39 1
49 145 1
3 175 1
52 13 1
65 83 1
44 217 1
36 45 1
8 71 1
2 39 1
28 193 1
37 51 1
38 201 1
58 101 1
24 153 1
52 123 1
58 1 1
7 79 1
26 135 1
54 99 1
15 85 1
18 165 1
3 199 1
57 93 1
6 39 1
25 33 1
58 123 1
40 159 1
43 217 1
44 187 1
15 3 1
3 167 1
7 75 1
45 19 1
1 169 1
9 171 1
20 47 1
27 179 1
21 133 1
31 57 1
21 17 1
25 75 1
28 209 1
34 41 1
20 157 1
34 33 1
40 181 1
20 205 1
59 65 1
13 9 1
66 101 1
57 215 1
4 7 1
33 123 1
22 105 1
12 181 1
68 171 1
66 13 1
13 125 1
11 97 1
17 13 1
3 95 1
4 141 1
59 189 1
49 135 1
20 101 1
32 155 1
55 193 1
42 133 1
11 199 1
35 61 1
27 35 1
15 47 1
47 75 1
57 119 1
12 13 1
66 137 1
55 211 1
11 217 1
46 169 1
12 81 1
49 31 1
23 121 1
65 185 1
63 35 1
37 127 1
42 147 1
36 105 1
56 125 1
50 179 1
7 77 1
23 103 1
53 41 1
47 97 1
5 201 1
45 29 1
20 195 1
59 55 1
15 15 1
12 181 1
46 13 1
6 7 1
42 45 1
62 75 1
52 1 1
60 189 1
68 39 1
63 3 1
4 121 1
68 163 1
25 149 1
50 99 1
10 31 1
61 165 1
2 219 1
67 1 1
27 205 1
20 113 1
37 91 1
65 213 1
66 63 1
34 65 1
12 183 1
44 97 1
67 61 1
67 11 1
23 217 1
39 59 1
56 11 1
54 15 1
52 165 1
62 87 1
9 21 1
67 201 1
29 147 1
45 199 1
44 49 1
51 147 1
56 165 1
51 1 1
59 189 1
42 159 1
7 133 1
51 191 1
30 119 1
3 65 1
20 3 1
5 209 1
38 161 1
56 209 1
20 7 1
29 129 1
10 183 1
6 95 1
40 127 1
52 29 1
33 111 1
8 215 1
55 105 1
42 205 1
18 87 1
1 175 1
26 197 1
21 217 1
47 27 1
36 153 1
8 175 1
4 183 1
27 7 1
40 7 1
63 45 1
32 205 1
22 135 1
7 171 1
50 129 1
5 105 1
12 139 1
61 63 1
63 205 1
11 91 1
51 199 1
11 17 1
30 139 1
24 21 1
4 137 1
18 189 1
54 69 1
52 161 1
47 161 1
4 3 1
12 199 1
42 65 1
58 143 1
8 179 1
42 71 1
34 161 1
15 47 1
6 185 1
43 43 1
52 53 1
64 3 1
34 109 1
65 207 1
22 63 1
22 51 1
28 103 1
10 155 1
2 23 1
63 167 1
2 143 1
13 137 1
48 105 1
44 115 1
49 17 1
68 93 1
46 189 1
4 107 1
55 117 1
18 189 1
21 95 1
13 191 1
41 43 1
68 159 1
35 25 1
12 79 1
68 115 1
7 139 1
25 29 1
40 143 1
43 197 1
4 189 1
20 75 1
7 23 1
31 131 1
27 147 1
26 45 1
33 75 1
21 141 1
10 127 1
23 5 1
17 103 1
6 43 1
52 9 1
5 45 1
53 87 1
36 43 1
55 81 1
14 59 1
11 107 1
1 157 1
40 141 1
30 129 1
53 143 1
63 7 1
16 207 1
25 207 1
23 199 1
17 155 1
64 185 1
37 75 1
11 43 1
37 151 1
50 135 1
42 173 1
45 123 1
54 193 1
44 55 1
1 199 1
36 35 1
62 163 1
14 127 1
10 195 1
4 121 1
12 7 1
28 83 1
60 131 1
37 151 1
47 111 1
54 89 1
7 185 1
1 77 1
31 187 1
61 165 1
27 59 1
40 75 1
51 115 1
29 63 1
38 3 1
13 107 1
60 1 1
14 121 1
4 7 1
12 143 1
55 55 1
10 91 1
8 55 1
4 13 1
44 65 1
7 53 1
46 109 1
59 59 1
49 101 1
27 33 1
2 43 1
3 87 1
36 33 1
57 57 1
2 189 1
32 137 1
64 211 1
3 25 1
60 71 1
23 87 1
45 213 1
20 135 1
16 115 1
46 39 1
31 211 1
44 99 1
38 41 1
53 133 1
41 107 1
4 115 1
13 15 1
8 189 1
42 35 1
39 155 1
48 199 1
2 143 1
60 13 1
29 109 1
27 135 1
55 57 1
66 185 1
67 155 1
57 85 1
17 27 1
7 183 1
37 61 1
40 51 1
10 27 1
6 17 1
17 217 1
44 219 1
15 167 1
25 181 1
56 61 1
52 141 1
55 33 1
55 151 1
22 149 1
40 175 1
63 141 1
13 217 1
63 79 1
22 171 1
13 195 1
33 79 1
1 101 1
66 23 1
61 59 1
36 169 1
62 187 1
21 219 1
27 91 1
4 203 1
38 65 1
24 107 1
19 127 1
60 167 1
25 121 1
25 13 1
58 125 1
56 201 1
28 177 1
45 31 1
46 97 1
61 75 1
2 49 1
31 85 1
14 105 1
40 179 1
28 99 1
58 137 1
22 201 1
29 15 1
12 129 1
6 55 1
40 125 1
33 111 1
11 217 1
43 5 1
15 111 1
11 79 1
47 13 1
64 123 1
30 143 1
9 199 1
16 153 1
39 31 1
42 77 1
25 29 1
37 183 1
60 193 1
48 175 1
58 201 1
34 45 1
19 157 1
24 85 1
21 31 1
68 197 1
21 145 1
29 137 1
19 203 1
20 75 1
46 219 1
34 23 1
25 103 1
56 145 1
46 173 1
13 13 1
24 139 1
1 119 1
63 199 1
7 211 1
36 45 1
15 171 1
54 167 1
8 213 1
10 107 1
45 169 1
20 175 1
64 69 1
1 135 1
51 83 1
59 115 1
63 205 1
57 95 1
22 61 1
3 55 1
28 209 1
53 69 1
33 63 1
44 183 1
51 83 1
3 67 1
46 5 1
60 143 1
17 187 1
59 59 1
51 157 1
55 147 1
36 57 1
19 139 1
26 61 1
63 193 1
62 39 1
44 57 1
50 65 1
57 149 1
50 111 1
26 185 1
27 9 1
1 131 1
1 49 1
4 7 1
60 153 1
34 85 1
40 155 1
56 119 1
27 135 1
42 137 1
25 129 1
55 117 1
26 33 1
66 171 1
11 159 1
56 169 1
12 181 1
6 85 1
39 155 1
28 175 1
66 121 1
39 77 1
17 203 1
48 153 1
20 29 1
20 151 1
8 135 1
44 141 1
50 59 1
24 153 1
50 211 1
56 63 1
6 97 1
42 137 1
15 7 1
68 17 1
43 177 1
64 65 1
61 125 1
30 183 1
33 87 1
50 213 1
42 175 1
64 97 1
27 3 1
21 41 1
65 205 1
47 145 1
50 115 1
1 175 1
5 159 1
65 153 1
67 65 1
31 93 1
60 31 1
50 3 1
63 143 1
17 179 1
30 19 1
32 205 1
67 69 1
35 43 1
63 187 1
6 19 1
1 99 1
19 101 1
57 43 1
63 165 1
12 17 1
22 129 1
59 151 1
29 73 1
50 51 1
55 145 1
26 137 1
41 175 1
32 143 1
49 123 1
17 143 1
57 9 1
48 57 1
3 37 1
30 67 1
49 81 1
12 47 1
31 197 1
33 151 1
49 117 1
52 85 1
17 43 1
11 107 1
27 117 1
43 109 1
51 19 1
9 1 1
27 57 1
43 111 1
18 49 1
4 209 1
38 181 1
13 67 1
40 153 1
46 159 1
61 43 1
58 5 1
1 17 1
64 77 1
24 213 1
46 19 1
13 45 1
54 151 1
44 23 1
15 197 1
36 151 1
46 15 1
64 107 1
48 135 1
3 215 1
61 99 1
54 23 1
30 47 1
13 77 1
48 89 1
31 25 1
56 133 1
56 43 1
40 121 1
7 149 1
51 91 1
38 85 1
8 141 1
6 19 1
47 113 1
39 71 1
50 161 1
53 171 1
33 137 1
41 89 1
60 143 1
63 61 1
42 185 1
62 205 1
46 197 1
33 153 1
54 141 1
42 51 1
50 11 1
58 65 1
55 49 1
10 21 1
24 147 1
53 71 1
15 219 1
52 113 1
59 175 1
23 125 1
46 149 1
45 131 1
37 157 1
29 9 1
4 41 1
5 209 1
61 151 1
1 219 1
19 5 1
13 179 1
22 207 1
2 15 1
11 175 1
17 31 1
22 11 1
5 183 1
9 15 1
49 43 1
6 51 1
11 111 1
36 165 1
32 215 1
23 35 1
55 147 1
54 61 1
50 173 1
35 143 1
65 141 1
61 65 1
15 15 1
32 5 1
17 1 1
28 25 1
47 205 1
27 177 1
5 153 1
32 115 1
60 219 1
28 211 1
49 15 1
45 133 1
63 115 1
37 187 1
58 199 1
49 181 1
43 17 1
39 71 1
30 185 1
17 179 1
65 21 1
1 7 1
22 177 1
6 13 1
21 79 1
53 57 1
23 43 1
57 47 1
59 213 1
9 197 1
45 131 1
4 165 1
58 25 1
36 13 1
17 5 1
42 139 1
21 191 1
13 67 1
1 19 1
58 9 1
57 5 1
6 67 1
62 17 1
8 41 1
44 189 1
3 121 1
38 195 1
59 195 1
33 183 1
56 165 1
8 131 1
6 211 1
58 169 1
7 123 1
29 209 1
59 131 1
29 157 1
45 137 1
29 135 1
5 25 1
30 67 1
23 49 1
52 95 1
14 71 1
22 33 1
47 99 1
57 49 1
27 203 1
15 59 1
42 35 1
5 153 1
28 41 1
4 177 1
62 189 1
19 213 1
56 111 1
45 123 1
48 189 1
68 109 1
28 25 1
44 129 1
25 119 1
49 125 1
65 17 1
50 187 1
44 101 1
54 177 1
51 63 1
15 69 1
37 117 1
36 207 1
20 175 1
61 45 1
33 133 1
50 115 1
67 101 1
45 127 1
39 159 1
37 3 1
53 147 1
43 39 1
38 77 1
9 123 1
50 23 1
2 205 1
14 75 1
5 139 1
32 115 1
20 111 1
52 65 1
21 115 1
44 5 1
39 41 1
15 203 1
1 67 1
28 203 1
44 119 1
3 195 1
5 161 1
40 189 1
58 177 1
47 111 1
12 183 1
54 115 1
7 197 1
6 171 1
44 139 1
52 153 1
14 165 1
40 175 1
68 211 1
35 171 1
44 47 1
24 5 1
18 61 1
56 89 1
61 73 1
9 129 1
16 211 1
39 17 1
11 41 1
53 151 1
4 49 1
49 167 1
58 153 1
49 25 1
3 119 1
16 141 1
26 143 1
5 71 1
51 195 1
34 91 1
23 127 1
18 169 1
37 35 1
34 65 1
25 197 1
37 59 1
44 137 1
10 153 1
51 97 1
33 139 1
3 135 1
11 7 1
6 165 1
48 201 1
11 11 1
39 165 1
49 79 1
4 119 1
4 115 1
37 65 1
2 51 1
44 219 1
32 69 1
51 159 1
25 117 1
38 1 1
53 165 1
13 139 1
42 87 1
35 81 1
9 75 1
14 179 1
60 93 1
52 37 1
47 187 1
56 61 1
55 3 1
65 157 1
37 65 1
39 141 1
46 89 1
39 199 1
45 69 1
47 39 1
48 81 1
2 41 1
66 5 1
54 201 1
17 59 1
54 205 1
63 121 1
31 31 1
48 137 1
21 135 1
29 171 1
38 29 1
12 25 1
52 115 1
45 97 1
26 139 1
22 187 1
53 157 1
38 191 1
29 163 1
23 199 1
59 17 1
62 125 1
67 183 1
42 107 1
55 191 1
19 89 1
8 5 1
62 143 1
56 155 1
65 109 1
13 107 1
24 113 1
5 59 1
67 33 1
36 131 1
8 193 1
41 33 1
24 21 1
13 31 1
33 3 1
37 199 1
18 95 1
41 191 1
1 187 1
30 179 1
5 35 1
11 113 1
19 109 1
42 183 1
56 51 1
27 215 1
30 5 1
66 51 1
39 133 1
24 181 1
34 25 1
20 135 1
25 143 1
17 49 1
25 171 1
19 9 1
16 133 1
18 81 1
9 47 1
4 125 1
8 55 1
32 25 1
13 93 1
38 25 1
28 147 1
31 39 1
52 89 1
61 177 1
46 141 1
33 151 1
14 109 1
41 127 1
12 161 1
14 167 1
23 101 1
67 171 1
19 95 1
60 171 1
66 205 1
1 55 1
43 193 1
68 85 1
54 37 1
11 7 1
2 69 1
30 35 1
18 3 1
42 211 1
14 61 1
15 93 1
10 95 1
35 215 1
4 103 1
54 3 1
52 105 1
34 195 1
44 57 1
24 61 1
47 75 1
4 83 1
21 35 1
5 83 1
46 189 1
61 139 1
51 151 1
37 3 1
10 37 1
50 59 1
36 99 1
68 207 1
19 163 1
52 59 1
41 27 1
47 209 1
8 141 1
66 151 1
31 49 1
54 37 1
22 31 1
47 69 1
30 33 1
33 3 1
65 17 1
55 137 1
40 19 1
48 205 1
36 147 1
49 171 1
50 161 1
38 21 1
30 109 1
67 43 1
33 183 1
51 109 1
48 207 1
2 41 1
68 45 1
41 43 1
66 83 1
27 15 1
5 119 1
62 75 1
49 49 1
29 75 1
39 47 1
16 135 1
64 153 1
5 17 1
62 31 1
37 55 1
64 87 1
32 95 1
59 213 1
50 37 1
28 149 1
6 175 1
43 1 1
51 35 1
23 159 1
37 97 1
36 183 1
59 47 1
46 149 1
60 41 1
35 209 1
28 59 1
3 147 1
64 3 1
14 211 1
39 177 1
48 89 1
46 117 1
49 65 1
23 191 1
47 9 1
56 143 1
68 31 1
13 57 1
42 175 1
9 137 1
45 9 1
44 7 1
30 19 1
61 147 1
9 155 1
21 73 1
54 219 1
9 201 1
41 25 1
62 145 1
36 107 1
3 49 1
17 73 1
46 185 1
15 45 1
45 159 1
52 45 1
33 19 1
27 3 1
22 135 1
32 19 1
44 99 1
42 147 1
1 141 1
2 11 1
33 69 1
10 73 1
43 157 1
59 11 1
60 123 1
66 207 1
11 193 1
16 33 1
25 171 1
29 67 1
31 41 1
41 107 1
39 25 1
7 179 1
60 69 1
48 179 1
49 127 1
4 215 1
38 133 1
56 179 1
31 7 1
38 89 1
48 81 1
33 55 1
41 89 1
40 3 1
7 59 1
2 27 1
5 151 1
21 145 1
35 175 1
37 135 1
34 109 1
33 167 1
52 179 1
66 119 1
50 73 1
34 161 1
51 127 1
6 89 1
34 17 1
49 177 1
67 49 1
46 37 1
34 177 1
43 79 1
56 123 1
34 179 1
26 213 1
62 3 1
4 13 1
64 187 1
57 171 1
49 33 1
39 107 1
58 167 1
33 105 1
59 145 1
63 73 1
14 187 1
31 201 1
33 131 1
16 49 1
7 45 1
64 25 1
34 53 1
14 169 1
45 35 1
22 207 1
44 69 1
37 157 1
64 85 1
63 15 1
44 189 1
43 147 1
44 195 1
58 11 1
2 31 1
61 157 1
60 47 1
55 71 1
61 83 1
25 1 1
37 185 1
8 189 1
66 93 1
54 157 1
52 155 1
23 101 1
57 185 1
25 205 1
29 99 1
46 101 1
14 191 1
2 65 1
50 175 1
46 75 1
41 15 1
55 1 1
65 19 1
68 197 1
13 93 1
63 95 1
62 5 1
49 145 1
42 47 1
18 181 1
25 67 1
44 197 1
64 131 1
11 61 1
24 47 1
39 17 1
14 63 1
1 189 1
16 9 1
27 67 1
17 99 1
29 15 1
19 99 1
64 103 1
15 203 1
63 191 1
31 89 1
27 15 1
26 191 1
16 217 1
4 79 1
2 187 1
3 103 1
3 139 1
3 15 1
40 161 1
14 59 1
1 193 1
34 11 1
42 203 1
52 85 1
3 9 1
43 125 1
45 29 1
35 195 1
28 147 1
50 117 1
33 201 1
61 201 1
44 99 1
60 159 1
1 123 1
41 101 1
40 65 1
21 51 1
61 81 1
18 29 1
47 47 1
33 171 1
47 163 1
4 11 1
22 183 1
11 81 1
22 83 1
41 101 1
3 97 1
58 157 1
23 95 1
18 171 1
24 111 1
17 19 1
18 103 1
60 47 1
38 119 1
40 175 1
32 123 1
59 49 1
53 53 1
31 91 1
34 99 1
12 21 1
15 67 1
50 167 1
64 3 1
35 103 1
30 179 1
48 215 1
31 65 1
48 37 1
16 219 1
46 197 1
2 29 1
30 161 1
56 117 1
27 41 1
67 67 1
41 41 1
12 187 1
30 111 1
7 121 1
33 149 1
58 101 1
60 45 1
59 49 1
17 83 1
52 25 1
26 81 1
60 87 1
20 9 1
62 187 1
44 195 1
40 77 1
24 65 1
55 129 1
5 169 1
4 97 1
62 131 1
5 145 1
6 151 1
5 107 1
26 175 1
56 109 1
64 213 1
67 83 1
16 125 1
58 65 1
15 193 1
65 49 1
27 7 1
66 157 1
54 97 1
37 93 1
20 19 1
12 7 1
25 207 1
58 175 1
55 29 1
29 55 1
7 171 1
16 107 1
67 179 1
9 207 1
15 91 1
11 183 1
46 135 1
24 109 1
57 137 1
6 191 1
53 13 1
15 183 1
10 175 1
38 99 1
5 207 1
10 93 1
55 31 1
52 75 1
27 151 1
20 39 1
52 27 1
13 217 1
17 15 1
41 159 1
51 127 1
64 161 1
6 33 1
58 113 1
11 129 1
3 37 1
38 69 1
26 99 1
44 123 1
60 195 1
1 181 1
50 5 1
28 107 1
58 181 1
36 9 1
16 189 1
25 129 1
37 141 1
17 205 1
55 29 1
58 207 1
6 99 1
56 65 1
58 187 1
61 179 1
54 89 1
52 107 1
29 155 1
38 205 1
3 197 1
64 133 1
22 49 1
66 107 1
11 209 1
51 211 1
8 107 1
60 115 1
52 93 1
19 19 1
62 127 1
15 61 1
52 123 1
31 179 1
34 181 1
32 69 1
53 131 1
22 215 1
6 89 1
67 167 1
8 69 1
19 191 1
21 137 1
68 45 1
49 127 1
26 189 1
37 179 1
20 5 1
26 173 1
58 207 1
53 137 1
43 165 1
19 167 1
35 91 1
39 53 1
24 89 1
55 73 1
65 15 1
40 69 1
27 167 1
15 183 1
12 97 1
34 169 1
38 67 1
38 179 1
29 39 1
43 53 1
64 159 1
17 107 1
50 89 1
29 203 1
18 163 1
62 87 1
18 31 1
50 7 1
35 215 1
29 33 1
22 31 1
64 127 1
52 131 1
36 175 1
4 23 1
16 21 1
22 37 1
33 159 1
29 107 1
65 209 1
33 71 1
31 143 1
25 109 1
25 65 1
3 117 1
40 17 1
38 213 1
15 65 1
58 161 1
51 11 1
62 181 1
6 139 1
66 91 1
58 157 1
9 149 1
26 179 1
25 43 1
7 83 1
49 111 1
61 113 1
51 147 1
43 73 1
50 45 1
59 201 1
54 55 1
35 77 1
49 39 1
55 173 1
7 135 1
11 3 1
59 73 1
8 219 1
64 209 1
28 123 1
56 97 1
55 47 1
48 9 1
67 45 1
14 191 1
6 9 1
41 67 1
60 211 1
2 147 1
44 77 1
49 123 1
9 201 1
53 207 1
64 107 1
44 175 1
24 217 1
42 39 1
63 155 1
48 203 1
44 155 1
27 179 1
6 157 1
15 167 1
34 21 1
48 123 1
62 17 1
62 17 1
3 119 1
8 3 1
66 105 1
42 15 1
68 195 1
54 151 1
67 33 1
3 13 1
11 55 1
54 163 1
60 151 1
3 137 1
56 93 1
45 131 1
8 213 1
29 3 1
1 155 1
60 199 1
48 49 1
49 207 1
23 81 1
68 77 1
29 125 1
50 37 1
14 91 1
7 187 1
67 213 1
60 145 1
4 31 1
11 109 1
11 183 1
13 75 1
18 161 1
19 35 1
58 143 1
18 171 1
38 3 1
53 81 1
18 45 1
1 113 1
54 145 1
26 151 1
63 167 1
30 171 1
43 169 1
39 149 1
4 207 1
67 157 1
43 109 1
14 23 1
7 65 1
53 23 1
21 127 1
3 51 1
50 35 1
13 125 1
44 45 1
66 43 1
4 77 1
56 69 1
6 75 1
64 69 1
47 149 1
16 41 1
56 29 1
34 137 1
18 63 1
46 179 1
56 195 1
54 189 1
52 109 1
38 55 1
58 93 1
57 183 1
64 133 1
11 39 1
44 77 1
64 15 1
11 87 1
63 211 1
52 193 1
43 209 1
19 73 1
20 165 1
14 189 1
41 13 1
35 61 1
28 77 1
27 175 1
17 193 1
18 111 1
21 37 1
10 73 1
39 43 1
14 151 1
12 35 1
50 85 1
43 149 1
41 15 1
56 219 1
49 111 1
45 15 1
56 113 1
24 141 1
13 61 1
29 77 1
59 177 1
56 85 1
24 105 1
13 83 1
12 41 1
33 55 1
20 59 1
15 145 1
30 123 1
51 139 1
1 215 1
33 73 1
16 127 1
20 151 1
61 105 1
50 203 1
53 179 1
56 47 1
62 119 1
27 51 1
50 205 1
56 17 1
63 19 1
18 197 1
23 173 1
41 161 1
19 79 1
32 95 1
31 207 1
21 209 1
24 75 1
54 173 1
3 67 1
27 193 1
18 27 1
2 219 1
31 197 1
60 49 1
24 161 1
56 19 1
63 125 1
16 107 1
11 129 1
2 133 1
66 19 1
15 183 1
59 173 1
15 129 1
35 203 1
44 27 1
29 145 1
20 27 1
32 1 1
41 83 1
31 119 1
63 167 1
8 195 1
39 51 1
25 213 1
53 11 1
54 131 1
50 45 1
28 1 1
29 149 1
23 217 1
46 61 1
59 3 1
40 41 1
47 63 1
2 43 1
3 175 1
57 19 1
47 143 1
9 89 1
58 205 1
41 119 1
4 133 1
28 133 1
34 83 1
56 161 1
41 119 1
56 99 1
47 203 1
27 7 1
29 205 1
11 83 1
27 179 1
39 117 1
55 89 1
36 179 1
29 79 1
44 51 1
37 85 1
53 5 1
4 171 1
41 159 1
2 27 1
15 69 1
66 89 1
53 193 1
31 95 1
5 201 1
12 153 1
8 27 1
18 207 1
31 125 1
51 77 1
41 193 1
68 187 1
56 9 1
7 127 1
18 127 1
61 27 1
7 39 1
3 49 1
18 151 1
57 85 1
17 205 1
20 215 1
19 169 1
19 9 1
31 139 1
61 71 1
39 105 1
49 129 1
24 79 1
43 109 1
39 41 1
63 143 1
8 187 1
8 1 1
15 27 1
43 195 1
58 191 1
39 101 1
29 173 1
45 173 1
17 113 1
21 11 1
58 61 1
67 41 1
18 141 1
30 19 1
39 57 1
21 193 1
29 51 1
27 203 1
26 207 1
15 179 1
65 157 1
23 189 1
15 173 1
64 195 1
57 201 1
24 93 1
50 199 1
15 207 1
34 181 1
23 169 1
47 171 1
10 153 1
67 57 1
35 205 1
18 195 1
20 83 1
2 185 1
45 177 1
68 1 1
35 165 1
58 191 1
30 177 1
45 109 1
48 55 1
55 29 1
51 65 1
3 91 1
13 61 1
1 49 1
24 153 1
58 179 1
45 57 1
11 201 1
35 163 1
21 57 1
15 91 1
39 73 1
62 103 1
20 47 1
58 87 1
56 23 1
20 183 1
68 153 1
29 35 1
66 7 1
66 163 1
13 53 1
57 23 1
38 59 1
65 107 1
51 117 1
7 185 1
41 77 1
18 157 1
36 11 1
55 57 1
48 189 1
65 5 1
19 21 1
32 85 1
54 53 1
50 57 1
16 69 1
58 57 1
23 171 1
44 137 1
21 55 1
8 117 1
33 63 1
29 191 1
12 149 1
19 151 1
30 139 1
6 17 1
56 209 1
21 95 1
52 125 1
4 147 1
40 83 1
3 133 1
44 197 1
5 201 1
33 199 1
22 197 1
58 115 1
44 159 1
68 205 1
62 35 1
66 133 1
5 169 1
40 109 1
39 139 1
27 129 1
67 83 1
15 219 1
67 85 1
45 49 1
32 179 1
65 71 1
38 3 1
59 203 1
57 11 1
24 147 1
45 45 1
53 121 1
2 15 1
10 25 1
2 219 1
26 37 1
53 11 1
28 71 1
52 159 1
65 61 1
33 193 1
42 39 1
48 83 1
43 203 1
68 83 1
2 123 1
34 203 1
35 85 1
26 21 1
10 107 1
12 137 1
44 89 1
25 127 1
18 27 1
1 141 1
34 9 1
40 51 1
27 13 1
39 77 1
22 25 1
28 69 1
16 47 1
58 143 1
57 121 1
57 97 1
46 125 1
37 95 1
29 127 1
12 109 1
58 169 1
43 145 1
38 205 1
64 173 1
37 163 1
15 115 1
58 47 1
2 37 1
14 121 1
53 87 1
45 157 1
43 17 1
52 13 1
9 165 1
40 125 1
48 209 1
41 159 1
52 153 1
44 21 1
28 203 1
56 75 1
4 193 1
48 113 1
21 209 1
18 5 1
26 111 1
12 27 1
55 105 1
14 3 1
60 177 1
42 155 1
28 139 1
22 119 1
49 139 1
11 25 1
25 45 1
23 127 1
1 105 1
56 87 1
59 189 1
5 159 1
44 189 1
65 27 1
45 173 1
30 81 1
56 13 1
51 123 1
6 63 1
37 51 1
55 189 1
39 69 1
47 29 1
29 89 1
50 57 1
35 63 1
37 79 1
2 57 1
8 147 1
66 63 1
57 83 1
47 13 1
45 9 1
1 131 1
45 21 1
14 173 1
63 141 1
43 41 1
43 43 1
26 33 1
42 127 1
31 109 1
19 57 1
2 55 1
19 83 1
23 167 1
7 61 1
39 129 1
57 97 1
43 127 1
30 9 1
53 61 1
17 25 1
3 179 1
5 35 1
40 47 1
3 117 1
22 115 1
47 89 1
23 155 1
68 37 1
49 11 1
28 27 1
34 101 1
35 135 1
15 187 1
11 67 1
45 23 1
39 15 1
15 19 1
15 29 1
2 145 1
16 159 1
14 83 1
64 183 1
3 135 1
4 63 1
36 145 1
24 13 1
18 173 1
35 33 1
7 71 1
51 17 1
61 151 1
57 165 1
41 175 1
37 15 1
28 29 1
33 195 1
42 133 1
36 197 1
31 141 1
46 123 1
2 41 1
37 83 1
54 149 1
15 179 1
45 173 1
29 59 1
23 167 1
1 99 1
67 215 1
47 83 1
60 105 1
63 135 1
43 181 1
49 179 1
47 75 1
57 53 1
43 177 1
17 1 1
27 29 1
4 35 1
55 73 1
39 207 1
6 169 1
50 53 1
58 201 1
3 97 1
64 23 1
28 99 1
14 87 1
68 117 1
5 33 1
20 219 1
63 49 1
44 85 1
9 69 1
68 23 1
55 153 1
67 155 1
59 201 1
39 39 1
2 41 1
29 55 1
29 137 1
60 17 1
40 43 1
22 177 1
51 9 1
64 31 1
60 171 1
6 215 1
68 55 1
4 119 1
49 41 1
44 115 1
43 135 1
22 119 1
43 21 1
13 191 1
23 147 1
5 115 1
59 139 1
12 177 1
8 133 1
44 123 1
51 203 1
13 11 1
7 77 1
50 71 1
4 163 1
29 103 1
38 203 1
20 79 1
37 205 1
49 113 1
30 33 1
66 191 1
31 169 1
25 175 1
65 137 1
35 21 1
27 123 1
49 199 1
36 179 1
31 51 1
40 11 1
45 133 1
54 185 1
61 211 1
56 79 1
42 195 1
23 37 1
1 53 1
18 73 1
15 159 1
11 91 1
4 67 1
56 19 1
25 129 1
4 13 1
64 211 1
32 201 1
64 59 1
20 121 1
32 205 1
43 91 1
14 31 1
57 205 1
2 13 1
4 19 1
14 119 1
63 87 1
23 135 1
63 127 1
6 219 1
15 201 1
63 219 1
8 163 1
62 93 1
27 211 1
44 91 1
66 191 1
39 71 1
36 193 1
43 177 1
41 25 1
29 89 1
45 107 1
48 75 1
46 37 1
26 193 1
67 143 1
4 45 1
12 17 1
17 45 1
54 177 1
40 31 1
17 105 1
67 159 1
15 165 1
68 205 1
67 197 1
15 107 1
58 1 1
4 181 1
44 169 1
55 193 1
40 53 1
14 25 1
68 165 1
36 29 1
48 99 1
48 123 1
1 45 1
18 143 1
29 93 1
58 19 1
8 199 1
22 107 1
56 1 1
25 61 1
26 79 1
20 157 1
13 121 1
40 49 1
38 7 1
60 63 1
29 47 1
48 49 1
16 211 1
59 161 1
30 151 1
52 85 1
11 147 1
64 7 1
2 41 1
64 135 1
62 165 1
26 177 1
11 219 1
46 157 1
23 17 1
66 7 1
28 203 1
21 91 1
66 105 1
1 5 1
20 171 1
48 199 1
41 119 1
68 201 1
47 209 1
16 209 1
1 47 1
19 85 1
45 69 1
43 211 1
62 17 1
67 195 1
55 207 1
9 111 1
41 39 1
63 131 1
13 41 1
29 211 1
42 145 1
36 131 1
37 149 1
13 81 1
41 117 1
36 131 1
4 197 1
26 3 1
64 113 1
34 109 1
32 187 1
50 125 1
3 193 1
4 173 1
21 143 1
67 53 1
48 157 1
44 135 1
49 77 1
41 59 1
63 37 1
41 79 1
1 113 1
33 19 1
18 189 1
52 123 1
51 53 1
50 183 1
30 123 1
54 69 1
66 49 1
56 3 1
29 33 1
50 19 1
62 63 1
53 205 1
52 33 1
30 77 1
5 115 1
5 93 1
8 153 1
18 77 1
28 181 1
9 157 1
63 209 1
41 97 1
7 135 1
40 77 1
39 133 1
6 47 1
61 51 1
63 145 1
64 25 1
32 117 1
5 137 1
15 181 1
9 207 1
17 171 1
26 59 1
14 61 1
64 137 1
23 61 1
18 171 1
47 35 1
4 67 1
33 193 1
40 161 1
58 115 1
8 83 1
11 149 1
46 53 1
1 205 1
48 169 1
52 141 1
26 7 1
66 195 1
15 79 1
32 103 1
67 173 1
1 3 1
30 217 1
19 29 1
57 119 1
52 205 1
12 153 1
67 25 1
42 133 1
39 31 1
23 117 1
13 191 1
8 185 1
51 77 1
12 57 1
25 117 1
4 181 1
42 143 1
17 29 1
67 153 1
47 215 1
12 61 1
52 137 1
28 67 1
53 151 1
30 149 1
21 13 1
58 169 1
47 191 1
59 17 1
30 185 1
62 67 1
58 195 1
10 17 1
23 21 1
41 181 1
3 3 1
63 39 1
9 83 1
12 23 1
30 29 1
42 65 1
13 55 1
36 63 1
13 85 1
43 45 1
41 83 1
24 63 1
24 39 1
16 101 1
55 123 1
17 201 1
15 149 1
1 165 1
17 187 1
53 135 1
43 55 1
64 103 1
68 81 1
48 89 1
63 31 1
10 143 1
10 55 1
41 215 1
53 113 1
40 117 1
32 167 1
45 99 1
8 125 1
45 15 1
24 159 1
66 217 1
19 83 1
43 51 1
36 161 1
67 73 1
6 173 1
66 57 1
18 25 1
65 197 1
43 41 1
9 103 1
24 51 1
68 165 1
67 155 1
2 181 1
31 33 1
10 37 1
6 43 1
10 159 1
63 35 1
43 51 1
13 21 1
51 15 1
41 31 1
49 193 1
7 203 1
43 119 1
34 207 1
31 173 1
4 113 1
23 115 1
64 161 1
29 29 1
50 11 1
34 93 1
44 23 1
64 127 1
44 49 1
66 135 1
11 193 1
16 7 1
1 177 1
23 119 1
47 35 1
13 141 1
3 129 1
48 97 1
11 165 1
23 99 1
68 199 1
41 163 1
55 109 1
68 123 1
45 113 1
18 151 1
53 109 1
49 43 1
3 97 1
37 5 1
28 159 1
63 131 1
7 11 1
44 129 1
29 15 1
40 105 1
1 171 1
43 113 1
31 109 1
9 169 1
20 147 1
63 175 1
64 119 1
33 21 1
10 115 1
48 39 1
12 17 1
45 71 1
11 47 1
16 91 1
44 95 1
33 59 1
5 183 1
13 67 1
34 49 1
53 75 1
58 27 1
15 3 1
47 77 1
40 137 1
36 189 1
8 47 1
48 7 1
7 33 1
47 79 1
45 35 1
65 67 1
31 13 1
62 95 1
42 173 1
24 107 1
51 77 1
62 195 1
9 135 1
35 131 1
36 193 1
25 61 1
64 173 1
34 23 1
36 127 1
26 157 1
10 203 1
18 109 1
68 187 1
13 1 1
42 35 1
30 7 1
48 21 1
59 65 1
49 31 1
52 135 1
66 79 1
2 73 1
45 85 1
12 197 1
29 185 1
35 209 1
66 213 1
61 217 1
43 77 1
30 79 1
49 79 1
35 61 1
48 159 1
23 189 1
7 103 1
1 163 1
61 33 1
25 125 1
54 25 1
26 181 1
35 175 1
22 141 1
54 89 1
35 197 1
6 83 1
26 129 1
18 53 1
35 25 1
52 125 1
6 69 1
7 33 1
53 13 1
47 159 1
61 95 1
55 85 1
1 59 1
8 153 1
3 63 1
17 179 1
28 3 1
34 177 1
29 79 1
14 143 1
3 115 1
38 219 1
8 39 1
53 57 1
50 203 1
53 143 1
51 189 1
30 185 1
47 151 1
56 49 1
3 155 1
32 179 1
56 167 1
32 47 1
31 183 1
15 185 1
31 193 1
50 89 1
59 187 1
57 89 1
61 139 1
47 169 1
67 61 1
8 67 1
7 15 1
43 35 1
11 35 1
64 83 1
30 93 1
36 3 1
22 63 1
52 71 1
44 139 1
31 87 1
4 217 1
33 143 1
43 19 1
41 125 1
21 145 1
7 79 1
15 211 1
35 185 1
51 177 1
50 131 1
31 145 1
31 127 1
19 125 1
5 219 1
7 125 1
50 89 1
30 115 1
10 141 1
41 65 1
64 155 1
37 133 1
24 133 1
3 155 1
26 81 1
12 23 1
45 191 1
24 171 1
1 23 1
64 7 1
28 3 1
18 51 1
54 5 1
41 95 1
60 59 1
45 21 1
49 79 1
67 33 1
56 75 1
13 103 1
49 103 1
43 201 1
38 179 1
20 15 1
50 93 1
48 31 1
32 213 1
23 215 1
20 57 1
65 79 1
52 23 1
35 25 1
8 181 1
14 193 1
56 169 1
22 151 1
30 193 1
30 161 1
51 153 1
14 45 1
40 9 1
66 77 1
60 83 1
49 79 1
62 107 1
60 45 1
8 17 1
50 31 1
25 141 1
55 127 1
29 197 1
16 119 1
4 187 1
68 161 1
16 185 1
19 143 1
59 27 1
61 77 1
11 3 1
65 7 1
46 81 1
67 101 1
5 165 1
66 29 1
4 161 1
30 107 1
56 139 1
18 9 1
24 85 1
56 35 1
1 119 1
43 43 1
25 191 1
4 129 1
62 159 1
1 27 1
19 37 1
39 155 1
34 137 1
52 133 1
12 17 1
22 195 1
45 5 1
50 167 1
6 161 1
30 63 1
5 83 1
34 103 1
57 23 1
30 31 1
24 117 1
43 137 1
56 1 1
47 49 1
44 19 1
24 187 1
49 219 1
-21 -11 -1
-35 -79 -1
-54 -85 -1
-2 -13 -1
-56 -141 -1
-7 -115 -1
-18 -201 -1
-61 -93 -1
-13 -173 -1
-3 -17 -1
-14 -171 -1
-42 -95 -1
-59 -79 -1
-14 -7 -1
-64 -205 -1
-29 -31 -1
-65 -201 -1
-31 -153 -1
-51 -109 -1
-61 -115 -1
-13 -161 -1
-33 -47 -1
-33 -5 -1
-43 -201 -1
-61 -87 -1
-57 -51 -1
-28 -133 -1
-26 -39 -1
-28 -99 -1
-25 -17 -1
-32 -109 -1
-30 -117 -1
-53 -189 -1
-4 -109 -1
-2 -37 -1
-43 -105 -1
-6 -117 -1
-68 -185 -1
-13 -127 -1
-17 -145 -1
-47 -69 -1
-10 -53 -1
-27 -51 -1
-65 -105 -1
-5 -101 -1
-28 -51 -1
-16 -29 -1
-45 -23 -1
-15 -209 -1
-50 -57 -1
-61 -145 -1
-54 -23 -1
-66 -169 -1
-68 -29 -1
-53 -173 -1
-20 -193 -1
-11 -139 -1
-60 -131 -1
-6 -81 -1
-13 -103 -1
-41 -39 -1
-23 -139 -1
-3 -153 -1
-17 -169 -1
-36 -35 -1
-16 -5 -1
-9 -121 -1
-64 -5 -1
-39 -171 -1
-26 -23 -1
-49 -161 -1
-14 -53 -1
-34 -193 -1
-55 -7 -1
-10 -71 -1
-1 -7 -1
-28 -215 -1
-24 -49 -1
-8 -55 -1
-13 -59 -1
-57 -101 -1
-44 -195 -1
-12 -33 -1
-62 -91 -1
-26 -69 -1
-48 -91 -1
-53 -101 -1
-8 -175 -1
-37 -49 -1
-61 -65 -1
-4 -57 -1
-67 -35 -1
-35 -57 -1
-54 -71 -1
-20 -177 -1
-29 -135 -1
-10 -69 -1
-18 -21 -1
-61 -87 -1
-51 -157 -1
-40 -117 -1
-37 -177 -1
-24 -59 -1
-6 -3 -1
-9 -219 -1
-23 -171 -1
-38 -195 -1
-13 -13 -1
-64 -159 -1
-64 -189 -1
-32 -197 -1
-52 -125 -1
-49 -217 -1
-38 -23 -1
-12 -17 -1
-27 -203 -1
-5 -49 -1
-58 -179 -1
-55 -123 -1
-44 -93 -1
-48 -167 -1
-57 -117 -1
-67 -175 -1
-37 -3 -1
-20 -31 -1
-15 -77 -1
-46 -21 -1
-22 -117 -1
-18 -61 -1
-18 -187 -1
-51 -113 -1
-6 -109 -1
-68 -161 -1
-5 -77 -1
-42 -45 -1
-45 -139 -1
-43 -115 -1
-24 -111 -1
-61 -197 -1
-33 -129 -1
-62 -99 -1
-9 -89 -1
-55 -113 -1
-41 -103 -1
-59 -11 -1
-8 -33 -1
-2 -195 -1
-40 -183 -1
-30 -7 -1
-33 -109 -1
-11 -99 -1
-18 -203 -1
-51 -5 -1
-43 -185 -1
-63 -105 -1
-40 -177 -1
-44 -157 -1
-17 -119 -1
-7 -89 -1
-35 -123 -1
-34 -145 -1
-26 -127 -1
-30 -69 -1
-24 -85 -1
-35 -31 -1
-2 -115 -1
-27 -49 -1
-60 -217 -1
-7 -165 -1
-36 -203 -1
-61 -215 -1
-16 -185 -1
-11 -209 -1
-36 -37 -1
-28 -213 -1
-21 -7 -1
-24 -65 -1
-45 -31 -1
-37 -187 -1
-31 -73 -1
-4 -9 -1
-63 -203 -1
-5 -53 -1
-9 -33 -1
-25 -215 -1
-59 -211 -1
-44 -121 -1
-45 -101 -1
-4 -179 -1
-27 -187 -1
-32 -209 -1
-61 -143 -1
-61 -199 -1
-62 -211 -1
-9 -169 -1
-32 -53 -1
-39 -189 -1
-27 -9 -1
-20 -7 -1
-8 -219 -1
-58 -39 -1
-36 -1 -1
-58 -145 -1
-27 -31 -1
-19 -173 -1
-49 -135 -1
-65 -23 -1
-67 -69 -1
-67 -43 -1
-16 -41 -1
-50 -163 -1
-55 -39 -1
-54 -213 -1
-13 -133 -1
-66 -65 -1
-21 -61 -1
-14 -153 -1
-44 -217 -1
-55 -157 -1
-14 -5 -1
-24 -67 -1
-60 -173 -1
-37 -133 -1
-33 -213 -1
-26 -173 -1
-42 -37 -1
-16 -165 -1
-25 -9 -1
-41 -205 -1
-57 -5 -1
-47 -207 -1
-33 -141 -1
-26 -31 -1
-56 -63 -1
-13 -49 -1
-34 -17 -1
-10 -139 -1
-44 -57 -1
-17 -209 -1
-17 -127 -1
-47 -193 -1
-48 -73 -1
-63 -55 -1
-44 -31 -1
-45 -25 -1
-43 -71 -1
-60 -43 -1
-38 -199 -1
-67 -35 -1
-12 -165 -1
-50 -155 -1
-68 -75 -1
-21 -113 -1
-1 -151 -1
-45 -57 -1
-36 -165 -1
-16 -65 -1
-57 -209 -1
-24 -211 -1
-21 -163 -1
-7 -187 -1
-8 -123 -1
-47 -23 -1
-21 -39 -1
-40 -175 -1
-18 -197 -1
-48 -95 -1
-55 -133 -1
-12 -51 -1
-41 -181 -1
-22 -71 -1
-43 -149 -1
-57 -185 -1
-68 -57 -1
-15 -31 -1
-29 -87 -1
-58 -145 -1
-19 -65 -1
-20 -217 -1
-30 -97 -1
-22 -167 -1
-48 -1 -1
-46 -83 -1
-20 -65 -1
-17 -143 -1
-55 -61 -1
-58 -61 -1
-9 -137 -1
-15 -55 -1
-23 -63 -1
-25 -141 -1
-58 -107 -1
-35 -125 -1
-23 -79 -1
-41 -31 -1
-65 -107 -1
-41 -1 -1
-65 -59 -1
-66 -105 -1
-5 -127 -1
-53 -79 -1
-18 -65 -1
-30 -7 -1
-3 -9 -1
-63 -181 -1
-46 -5 -1
-11 -191 -1
-15 -27 -1
-29 -147 -1
-40 -47 -1
-45 -87 -1
-57 -33 -1
-30 -183 -1
-34 -177 -1
-32 -113 -1
-19 -131 -1
-25 -9 -1
-6 -145 -1
-26 -181 -1
-18 -33 -1
-7 -13 -1
-19 -9 -1
-31 -123 -1
-53 -205 -1
-12 -87 -1
-24 -131 -1
-23 -155 -1
-24 -213 -1
-1 -171 -1
-66 -203 -1
-66 -85 -1
-48 -205 -1
-49 -145 -1
-63 -199 -1
-26 -153 -1
-1 -175 -1
-16 -97 -1
-41 -103 -1
-60 -109 -1
-43 -219 -1
-9 -201 -1
-46 -163 -1
-51 -35 -1
-50 -177 -1
-50 -83 -1
-31 -99 -1
-41 -27 -1
-60 -145 -1
-45 -131 -1
-25 -171 -1
-27 -133 -1
-68 -131 -1
-9 -15 -1
-35 -187 -1
-24 -81 -1
-52 -67 -1
-58 -121 -1
-56 -7 -1
-59 -73 -1
-63 -27 -1
-61 -199 -1
-39 -13 -1
-63 -139 -1
-38 -159 -1
-4 -83 -1
-64 -131 -1
-3 -165 -1
-34 -77 -1
-52 -71 -1
-43 -117 -1
-65 -45 -1
-26 -119 -1
-32 -17 -1
-58 -173 -1
-56 -97 -1
-12 -123 -1
-23 -103 -1
-44 -9 -1
-47 -167 -1
-43 -169 -1
-37 -121 -1
-29 -219 -1
-24 -45 -1
-36 -115 -1
-64 -145 -1
-3 -31 -1
-68 -1 -1
-27 -27 -1
-59 -203 -1
-45 -63 -1
-2 -187 -1
-44 -105 -1
-34 -209 -1
-3 -205 -1
-20 -123 -1
-20 -201 -1
-12 -115 -1
-27 -75 -1
-50 -107 -1
-49 -151 -1
-34 -61 -1
-4 -207 -1
-39 -83 -1
-23 -163 -1
-20 -185 -1
-67 -217 -1
-19 -155 -1
-51 -85 -1
-7 -145 -1
-11 -65 -1
-67 -139 -1
-40 -77 -1
-46 -57 -1
-59 -205 -1
-33 -217 -1
-34 -9 -1
-42 -27 -1
-52 -73 -1
-17 -101 -1
-38 -57 -1
-34 -75 -1
-48 -213 -1
-48 -35 -1
-54 -37 -1
-2 -65 -1
-40 -29 -1
-39 -197 -1
-58 -95 -1
-24 -169 -1
-58 -93 -1
-18 -25 -1
-6 -107 -1
-1 -87 -1
-58 -107 -1
-54 -9 -1
-55 -13 -1
-29 -89 -1
-31 -109 -1
-15 -201 -1
-52 -125 -1
-20 -151 -1
-34 -183 -1
-43 -95 -1
-67 -159 -1
-64 -131 -1
-20 -7 -1
-51 -51 -1
-20 -71 -1
-5 -47 -1
-51 -61 -1
-9 -143 -1
-67 -177 -1
-54 -9 -1
-37 -181 -1
-16 -219 -1
-21 -43 -1
-28 -167 -1
-65 -97 -1
-63 -121 -1
-17 -163 -1
-16 -197 -1
-66 -219 -1
-12 -157 -1
-10 -7 -1
-52 -21 -1
-14 -75 -1
-19 -87 -1
-25 -211 -1
-32 -93 -1
-68 -9 -1
-22 -147 -1
-55 -137 -1
-47 -171 -1
-63 -169 -1
-48 -171 -1
-9 -101 -1
-22 -207 -1
-54 -93 -1
-52 -203 -1
-35 -45 -1
-16 -141 -1
-20 -145 -1
-53 -113 -1
-33 -95 -1
-47 -147 -1
-46 -165 -1
-31 -135 -1
-67 -129 -1
-60 -117 -1
-9 -209 -1
-62 -15 -1
-39 -5 -1
-61 -211 -1
-44 -95 -1
-49 -43 -1
-2 -79 -1
-19 -215 -1
-22 -3 -1
-64 -217 -1
-7 -165 -1
-9 -187 -1
-14 -135 -1
-13 -63 -1
-7 -115 -1
-13 -99 -1
-42 -75 -1
-21 -169 -1
-67 -55 -1
-65 -77 -1
-23 -3 -1
-10 -39 -1
-20 -179 -1
-66 -169 -1
-56 -215 -1
-41 -87 -1
-43 -67 -1
-19 -93 -1
-47 -189 -1
-1 -33 -1
-2 -121 -1
-9 -175 -1
-32 -69 -1
-18 -15 -1
-63 -201 -1
-31 -87 -1
-52 -199 -1
-13 -121 -1
-54 -77 -1
-8 -97 -1
-55 -201 -1
-42 -207 -1
-35 -121 -1
-8 -173 -1
-55 -71 -1
-14 -61 -1
-44 -47 -1
-47 -121 -1
-4 -85 -1
-3 -157 -1
-27 -159 -1
-57 -19 -1
-46 -67 -1
-15 -153 -1
-44 -87 -1
-36 -169 -1
-19 -17 -1
-16 -101 -1
-22 -15 -1
-37 -57 -1
-29 -49 -1
-32 -149 -1
-64 -15 -1
-27 -191 -1
-54 -95 -1
-55 -197 -1
-18 -151 -1
-33 -41 -1
-48 -3 -1
-13 -93 -1
-66 -179 -1
-26 -215 -1
-50 -3 -1
-39 -125 -1
-52 -35 -1
-4 -141 -1
-26 -69 -1
-55 -51 -1
-9 -179 -1
-21 -35 -1
-32 -71 -1
-62 -167 -1
-68 -147 -1
-24 -1 -1
-65 -81 -1
-58 -165 -1
-66 -131 -1
-41 -95 -1
-20 -173 -1
-63 -53 -1
-29 -117 -1
-18 -63 -1
-62 -135 -1
-24 -219 -1
-60 -93 -1
-12 -33 -1
-52 -79 -1
-62 -151 -1
-26 -121 -1
-22 -155 -1
-64 -39 -1
-55 -147 -1
-44 -161 -1
-53 -215 -1
-52 -19 -1
-31 -91 -1
-48 -85 -1
-60 -191 -1
-31 -63 -1
-62 -77 -1
-65 -43 -1
-63 -67 -1
-1 -35 -1
-21 -161 -1
-52 -97 -1
-29 -69 -1
-47 -119 -1
-43 -177 -1
-27 -101 -1
-11 -109 -1
-61 -143 -1
-51 -107 -1
-52 -5 -1
-36 -153 -1
-43 -49 -1
-36 -191 -1
-14 -93 -1
-52 -195 -1
-51 -51 -1
-38 -101 -1
-5 -111 -1
-49 -87 -1
-38 -151 -1
-62 -79 -1
-13 -127 -1
-60 -163 -1
-43 -133 -1
-37 -175 -1
-22 -219 -1
-57 -43 -1
-18 -35 -1
-59 -189 -1
-1 -125 -1
-47 -43 -1
-1 -117 -1
-27 -127 -1
-7 -95 -1
-60 -207 -1
-15 -21 -1
-25 -131 -1
-42 -69 -1
-18 -121 -1
-47 -3 -1
-60 -77 -1
-28 -33 -1
-64 -101 -1
-59 -95 -1
-33 -209 -1
-50 -179 -1
-22 -45 -1
-20 -37 -1
-46 -187 -1
-19 -45 -1
-19 -185 -1
-68 -119 -1
-50 -7 -1
-42 -105 -1
-33 -219 -1
-55 -87 -1
-47 -161 -1
-35 -153 -1
-60 -91 -1
-29 -141 -1
-13 -181 -1
-8 -109 -1
-64 -157 -1
-56 -57 -1
-43 -125 -1
-13 -63 -1
-12 -139 -1
-4 -181 -1
-32 -1 -1
-37 -187 -1
-42 -153 -1
-42 -187 -1
-35 -39 -1
-52 -93 -1
-68 -33 -1
-53 -21 -1
-52 -153 -1
-49 -23 -1
-52 -163 -1
-50 -123 -1
-8 -135 -1
-27 -5 -1
-54 -33 -1
-56 -15 -1
-52 -205 -1
-45 -17 -1
-63 -155 -1
-52 -139 -1
-53 -133 -1
-65 -23 -1
-51 -125 -1
-66 -45 -1
-54 -69 -1
-68 -5 -1
-34 -133 -1
-3 -43 -1
-46 -205 -1
-31 -169 -1
-25 -23 -1
-57 -145 -1
-60 -197 -1
-25 -99 -1
-32 -51 -1
-5 -49 -1
-7 -105 -1
-16 -61 -1
-63 -209 -1
-2 -161 -1
-59 -87 -1
-18 -203 -1
-39 -151 -1
-4 -219 -1
-24 -37 -1
-42 -43 -1
-27 -93 -1
-46 -181 -1
-16 -117 -1
-21 -169 -1
-25 -27 -1
-1 -71 -1
-68 -5 -1
-67 -7 -1
-65 -61 -1
-63 -11 -1
-11 -59 -1
-63 -85 -1
-19 -199 -1
-40 -49 -1
-56 -149 -1
-47 -49 -1
-53 -219 -1
-44 -95 -1
-4 -199 -1
-34 -27 -1
-19 -15 -1
-15 -115 -1
-37 -183 -1
-31 -17 -1
-19 -145 -1
-9 -123 -1
-29 -105 -1
-15 -75 -1
-46 -187 -1
-58 -137 -1
-53 -79 -1
-53 -113 -1
-20 -13 -1
-18 -215 -1
-29 -205 -1
-67 -1 -1
-48 -15 -1
-22 -195 -1
-4 -147 -1
-4 -167 -1
-62 -153 -1
-63 -107 -1
-1 -159 -1
-12 -139 -1
-59 -63 -1
-66 -213 -1
-65 -217 -1
-63 -175 -1
-26 -81 -1
-9 -205 -1
-48 -199 -1
-43 -33 -1
-15 -97 -1
-27 -89 -1
-35 -19 -1
-13 -49 -1
-15 -139 -1
-30 -141 -1
-19 -161 -1
-25 -53 -1
-15 -167 -1
-10 -61 -1
-12 -153 -1
-64 -115 -1
-64 -29 -1
-58 -97 -1
-13 -87 -1
-58 -151 -1
-53 -85 -1
-33 -13 -1
-52 -71 -1
-29 -201 -1
-28 -7 -1
-6 -109 -1
-5 -167 -1
-46 -23 -1
-62 -77 -1
-56 -99 -1
-53 -185 -1
-6 -183 -1
-27 -21 -1
-64 -73 -1
-55 -105 -1
-41 -57 -1
-55 -209 -1
-52 -169 -1
-22 -29 -1
-30 -207 -1
-49 -209 -1
-6 -137 -1
-41 -125 -1
-17 -125 -1
-23 -77 -1
-56 -109 -1
-13 -175 -1
-48 -129 -1
-55 -157 -1
-31 -211 -1
-24 -29 -1
-42 -143 -1
-65 -109 -1
-7 -195 -1
-5 -215 -1
-43 -205 -1
-54 -21 -1
-57 -149 -1
-41 -189 -1
-14 -149 -1
-51 -131 -1
-30 -17 -1
-4 -97 -1
-9 -1 -1
-21 -9 -1
-60 -73 -1
-40 -31 -1
-7 -99 -1
-68 -31 -1
-38 -39 -1
-43 -179 -1
-68 -187 -1
-56 -23 -1
-45 -181 -1
-17 -87 -1
-46 -155 -1
-38 -121 -1
-4 -95 -1
-48 -217 -1
-66 -179 -1
-64 -153 -1
-11 -179 -1
-50 -67 -1
-41 -25 -1
-42 -35 -1
-45 -197 -1
-2 -185 -1
-5 -213 -1
-23 -127 -1
-12 -77 -1
-42 -117 -1
-7 -207 -1
-47 -79 -1
-15 -39 -1
-7 -77 -1
-38 -77 -1
-37 -111 -1
-41 -65 -1
-32 -195 -1
-12 -13 -1
-32 -119 -1
-62 -91 -1
-7 -111 -1
-5 -199 -1
-38 -105 -1
-57 -67 -1
-9 -115 -1
-52 -189 -1
-39 -111 -1
-10 -213 -1
-48 -133 -1
-19 -153 -1
-66 -209 -1
-25 -199 -1
-23 -125 -1
-20 -171 -1
-46 -189 -1
-60 -73 -1
-4 -179 -1
-50 -67 -1
-11 -89 -1
-49 -163 -1
-13 -9 -1
-40 -197 -1
-53 -157 -1
-22 -79 -1
-27 -101 -1
-68 -39 -1
-39 -15 -1
-37 -69 -1
-50 -217 -1
-63 -131 -1
-63 -11 -1
-63 -19 -1
-45 -127 -1
-51 -27 -1
-27 -47 -1
-55 -191 -1
-21 -71 -1
-29 -103 -1
-17 -9 -1
-19 -157 -1
-17 -201 -1
-19 -177 -1
-61 -161 -1
-61 -37 -1
-68 -155 -1
-4 -79 -1
-19 -137 -1
-35 -139 -1
-7 -111 -1
-63 -51 -1
-35 -219 -1
-20 -145 -1
-57 -169 -1
-22 -163 -1
-65 -45 -1
-63 -25 -1
-22 -205 -1
-61 -157 -1
-45 -197 -1
-54 -49 -1
-31 -169 -1
-59 -117 -1
-53 -195 -1
-7 -31 -1
-12 -17 -1
-4 -51 -1
-45 -67 -1
-64 -31 -1
-39 -73 -1
-59 -95 -1
-42 -107 -1
-41 -209 -1
-8 -139 -1
-3 -175 -1
-51 -215 -1
-6 -131 -1
-63 -97 -1
-62 -177 -1
-51 -99 -1
-44 -59 -1
-65 -137 -1
-57 -133 -1
-42 -121 -1
-25 -95 -1
-54 -115 -1
-10 -93 -1
-19 -1 -1
-41 -39 -1
-41 -55 -1
-57 -127 -1
-29 -101 -1
-67 -115 -1
-67 -99 -1
-11 -147 -1
-53 -151 -1
-9 -87 -1
-63 -87 -1
-11 -197 -1
-13 -81 -1
-41 -111 -1
-28 -125 -1
-28 -183 -1
-25 -117 -1
-58 -77 -1
-25 -13 -1
-48 -219 -1
-16 -117 -1
-34 -31 -1
-19 -173 -1
-68 -63 -1
-58 -17 -1
-36 -131 -1
-24 -121 -1
-22 -153 -1
-51 -145 -1
-66 -151 -1
-38 -97 -1
-55 -105 -1
-54 -201 -1
-4 -5 -1
-13 -49 -1
-57 -29 -1
-15 -157 -1
-57 -117 -1
-27 -151 -1
-68 -65 -1
-54 -5 -1
-62 -31 -1
-29 -109 -1
-14 -71 -1
-5 -63 -1
-23 -111 -1
-35 -191 -1
-26 -95 -1
-17 -11 -1
-50 -71 -1
-52 -191 -1
-40 -7 -1
-44 -35 -1
-23 -1 -1
-6 -21 -1
-53 -179 -1
-47 -133 -1
-24 -73 -1
-10 -161 -1
-20 -215 -1
-18 -53 -1
-20 -169 -1
-32 -111 -1
-29 -213 -1
-33 -213 -1
-45 -169 -1
-63 -3 -1
-19 -77 -1
-22 -89 -1
-19 -149 -1
-56 -209 -1
-66 -35 -1
-18 -53 -1
-61 -9 -1
-68 -51 -1
-22 -119 -1
-58 -21 -1
-64 -43 -1
-28 -23 -1
-2 -67 -1
-36 -99 -1
-35 -157 -1
-16 -71 -1
-53 -11 -1
-30 -83 -1
-23 -199 -1
-61 -65 -1
-67 -73 -1
-21 -97 -1
-65 -129 -1
-15 -81 -1
-21 -85 -1
-39 -27 -1
-9 -197 -1
-2 -9 -1
-16 -101 -1
-21 -25 -1
-31 -73 -1
-43 -73 -1
-63 -63 -1
-42 -67 -1
-51 -157 -1
-22 -163 -1
-50 -205 -1
-13 -113 -1
-27 -29 -1
-29 -107 -1
-11 -99 -1
-55 -77 -1
-22 -133 -1
-60 -51 -1
-10 -149 -1
-26 -95 -1
-43 -171 -1
-1 -45 -1
-60 -91 -1
-44 -185 -1
-54 -109 -1
-50 -173 -1
-16 -111 -1
-53 -97 -1
-53 -143 -1
-1 -201 -1
-62 -171 -1
-40 -109 -1
-40 -103 -1
-30 -173 -1
-1 -67 -1
-44 -127 -1
-52 -75 -1
-44 -189 -1
-19 -101 -1
-65 -9 -1
-45 -51 -1
-56 -65 -1
-64 -17 -1
-21 -179 -1
-57 -109 -1
-51 -211 -1
-43 -39 -1
-26 -9 -1
-7 -157 -1
-57 -203 -1
-3 -57 -1
-31 -37 -1
-60 -103 -1
-56 -71 -1
-61 -33 -1
-35 -53 -1
-2 -39 -1
-61 -187 -1
-9 -115 -1
-43 -113 -1
-51 -219 -1
-55 -21 -1
-40 -217 -1
-18 -51 -1
-2 -169 -1
-38 -65 -1
-27 -101 -1
-67 -17 -1
-50 -137 -1
-65 -23 -1
-31 -93 -1
-11 -181 -1
-16 -169 -1
-14 -205 -1
-15 -73 -1
-39 -47 -1
-57 -97 -1
-2 -95 -1
-28 -169 -1
-22 -33 -1
-57 -217 -1
-40 -73 -1
-67 -23 -1
-20 -11 -1
-30 -31 -1
-13 -157 -1
-60 -81 -1
-37 -77 -1
-58 -205 -1
-31 -79 -1
-43 -33 -1
-40 -183 -1
-10 -195 -1
-20 -9 -1
-39 -191 -1
-26 -59 -1
-39 -17 -1
-42 -179 -1
-9 -17 -1
-36 -171 -1
-67 -11 -1
-58 -147 -1
-64 -211 -1
-67 -175 -1
-11 -153 -1
-54 -211 -1
-61 -51 -1
-13 -121 -1
-46 -43 -1
-18 -3 -1
-57 -25 -1
-52 -185 -1
-31 -37 -1
-53 -217 -1
-42 -7 -1
-66 -69 -1
-23 -51 -1
-33 -1 -1
-40 -203 -1
-27 -13 -1
-24 -173 -1
-56 -131 -1
-48 -207 -1
-54 -119 -1
-64 -155 -1
-34 -189 -1
-53 -75 -1
-68 -103 -1
-19 -57 -1
-64 -143 -1
-64 -11 -1
-65 -93 -1
-43 -17 -1
-37 -85 -1
-55 -173 -1
-6 -53 -1
-28 -85 -1
-20 -167 -1
-46 -35 -1
-20 -109 -1
-58 -123 -1
-25 -47 -1
-28 -15 -1
-60 -217 -1
-5 -69 -1
-28 -105 -1
-5 -179 -1
-1 -61 -1
-7 -115 -1
-58 -197 -1
-62 -39 -1
-36 -163 -1
-68 -23 -1
-60 -179 -1
-9 -53 -1
-5 -169 -1
-67 -115 -1
-57 -205 -1
-54 -57 -1
-31 -7 -1
-65 -147 -1
-14 -7 -1
-24 -165 -1
-15 -67 -1
-17 -185 -1
-20 -51 -1
-64 -49 -1
-47 -167 -1
-12 -45 -1
-3 -87 -1
-58 -25 -1
-32 -147 -1
-49 -83 -1
-31 -203 -1
-11 -149 -1
-24 -41 -1
-47 -117 -1
-16 -89 -1
-66 -173 -1
-46 -181 -1
-52 -87 -1
-63 -13 -1
-43 -109 -1
-35 -179 -1
-47 -199 -1
-22 -75 -1
-47 -63 -1
-37 -219 -1
-65 -147 -1
-10 -35 -1
-1 -71 -1
-49 -27 -1
-54 -57 -1
-50 -181 -1
-59 -171 -1
-64 -37 -1
-55 -5 -1
-30 -15 -1
-60 -63 -1
-52 -77 -1
-5 -47 -1
-7 -113 -1
-31 -121 -1
-66 -5 -1
-4 -97 -1
-6 -207 -1
-3 -165 -1
-24 -199 -1
-5 -37 -1
-61 -109 -1
-27 -119 -1
-12 -93 -1
-47 -13 -1
-43 -197 -1
-46 -65 -1
-42 -179 -1
-27 -47 -1
-10 -169 -1
-6 -175 -1
-41 -219 -1
-8 -19 -1
-12 -149 -1
-30 -47 -1
-14 -153 -1
-6 -215 -1
-17 -185 -1
-58 -167 -1
-57 -137 -1
-17 -47 -1
-35 -209 -1
-17 -175 -1
-30 -43 -1
-53 -159 -1
-15 -61 -1
-47 -21 -1
-37 -129 -1
-49 -111 -1
-40 -105 -1
-13 -209 -1
-4 -139 -1
-6 -57 -1
-21 -29 -1
-35 -157 -1
-63 -51 -1
-46 -47 -1
-18 -85 -1
-32 -157 -1
-43 -111 -1
-2 -71 -1
-4 -131 -1
-55 -89 -1
-37 -113 -1
-14 -79 -1
-56 -23 -1
-31 -31 -1
-13 -87 -1
-59 -163 -1
-49 -215 -1
-63 -171 -1
-41 -31 -1
-30 -111 -1
-62 -173 -1
-28 -111 -1
-33 -27 -1
-8 -135 -1
-38 -91 -1
-14 -139 -1
-11 -159 -1
-3 -95 -1
-52 -3 -1
-46 -125 -1
-34 -201 -1
-2 -139 -1
-56 -67 -1
-49 -19 -1
-50 -101 -1
-48 -1 -1
-49 -15 -1
-63 -207 -1
-8 -71 -1
-12 -31 -1
-20 -69 -1
-30 -77 -1
-65 -101 -1
-31 -167 -1
-54 -65 -1
-8 -99 -1
-30 -125 -1
-44 -35 -1
-37 -5 -1
-7 -165 -1
-42 -161 -1
-17 -13 -1
-57 -191 -1
-20 -187 -1
-3 -43 -1
-52 -167 -1
-12 -121 -1
-10 -45 -1
-44 -201 -1
-58 -27 -1
-23 -13 -1
-6 -7 -1
-22 -217 -1
-5 -135 -1
-13 -113 -1
-11 -161 -1
-32 -189 -1
-17 -211 -1
-5 -145 -1
-19 -113 -1
-36 -65 -1
-36 -39 -1
-27 -153 -1
-16 -11 -1
-39 -163 -1
-18 -77 -1
-19 -189 -1
-50 -69 -1
-37 -209 -1
-52 -149 -1
-47 -181 -1
-48 -203 -1
-12 -183 -1
-39 -23 -1
-34 -97 -1
-61 -195 -1
-65 -115 -1
-14 -193 -1
-12 -131 -1
-22 -139 -1
-54 -13 -1
-8 -99 -1
-11 -47 -1
-40 -41 -1
-29 -91 -1
-12 -125 -1
-34 -93 -1
-26 -179 -1
-67 -133 -1
-25 -207 -1
-29 -135 -1
-14 -153 -1
-24 -85 -1
-43 -181 -1
-40 -33 -1
-8 -215 -1
-16 -63 -1
-33 -169 -1
-64 -199 -1
-6 -53 -1
-58 -87 -1
-44 -89 -1
-64 -59 -1
-25 -5 -1
-19 -37 -1
-44 -43 -1
-20 -87 -1
-48 -129 -1
-50 -177 -1
-29 -67 -1
-17 -99 -1
-16 -105 -1
-53 -7 -1
-32 -203 -1
-61 -179 -1
-57 -165 -1
-11 -171 -1
-61 -53 -1
-56 -111 -1
-39 -105 -1
-46 -81 -1
-38 -163 -1
-23 -155 -1
-52 -53 -1
-56 -29 -1
-44 -157 -1
-24 -87 -1
-22 -9 -1
-20 -25 -1
-2 -63 -1
-25 -171 -1
-7 -51 -1
-48 -167 -1
-34 -169 -1
-62 -215 -1
-11 -55 -1
-52 -177 -1
-15 -19 -1
-57 -103 -1
-44 -11 -1
-23 -187 -1
-35 -41 -1
-32 -69 -1
-29 -49 -1
-51 -1 -1
-52 -195 -1
-3 -79 -1
-14 -181 -1
-26 -121 -1
-49 -59 -1
-12 -115 -1
-34 -3 -1
-53 -41 -1
-4 -9 -1
-53 -111 -1
-34 -53 -1
-66 -185 -1
-50 -129 -1
-33 -79 -1
-53 -41 -1
-55 -165 -1
-36 -57 -1
-62 -135 -1
-34 -17 -1
-56 -133 -1
-45 -83 -1
-7 -203 -1
-13 -93 -1
-62 -11 -1
-17 -7 -1
-29 -125 -1
-2 -173 -1
-44 -95 -1
-28 -11 -1
-25 -9 -1
-62 -37 -1
-59 -85 -1
-46 -89 -1
-59 -163 -1
-26 -57 -1
-21 -23 -1
-48 -99 -1
-12 -187 -1
-6 -21 -1
-15 -57 -1
-49 -199 -1
-9 -157 -1
-16 -141 -1
-16 -179 -1
-26 -177 -1
-38 -207 -1
-25 -129 -1
-32 -179 -1
-22 -145 -1
-45 -51 -1
-21 -65 -1
-14 -187 -1
-6 -135 -1
-39 -91 -1
-64 -153 -1
-64 -59 -1
-46 -45 -1
-43 -91 -1
-5 -199 -1
-18 -167 -1
-66 -133 -1
-48 -181 -1
-7 -199 -1
-54 -79 -1
-59 -125 -1
-33 -117 -1
-23 -95 -1
-16 -35 -1
-23 -205 -1
-14 -23 -1
-54 -107 -1
-18 -167 -1
-62 -99 -1
-59 -107 -1
-24 -83 -1
-11 -33 -1
-20 -211 -1
-24 -13 -1
-36 -73 -1
-14 -37 -1
-62 -117 -1
-38 -43 -1
-64 -61 -1
-66 -127 -1
-23 -85 -1
-55 -147 -1
-34 -57 -1
-47 -135 -1
-3 -23 -1
-67 -153 -1
-32 -71 -1
-48 -161 -1
-64 -7 -1
-16 -89 -1
-51 -197 -1
-56 -125 -1
-33 -187 -1
-19 -7 -1
-54 -7 -1
-40 -97 -1
-27 -203 -1
-49 -33 -1
-38 -139 -1
-62 -129 -1
-68 -115 -1
-58 -219 -1
-46 -105 -1
-29 -15 -1
-47 -189 -1
-33 -157 -1
-44 -1 -1
-15 -177 -1
-36 -179 -1
-32 -211 -1
-60 -21 -1
-8 -93 -1
-23 -87 -1
-41 -155 -1
-64 -79 -1
-2 -3 -1
-2 -219 -1
-53 -77 -1
-33 -19 -1
-39 -11 -1
-11 -41 -1
-9 -13 -1
-21 -185 -1
-18 -137 -1
-40 -179 -1
-27 -137 -1
-47 -131 -1
-52 -69 -1
-27 -99 -1
-7 -61 -1
-51 -69 -1
-13 -37 -1
-64 -77 -1
-6 -107 -1
-63 -141 -1
-17 -133 -1
-5 -137 -1
-17 -131 -1
-3 -195 -1
-11 -165 -1
-68 -127 -1
-68 -113 -1
-43 -195 -1
-7 -105 -1
-20 -119 -1
-49 -109 -1
-48 -45 -1
-46 -47 -1
-52 -125 -1
-36 -7 -1
-10 -93 -1
-12 -139 -1
-6 -185 -1
-16 -9 -1
-44 -27 -1
-35 -21 -1
-50 -177 -1
-62 -57 -1
-51 -125 -1
-37 -101 -1
-43 -155 -1
-26 -77 -1
-66 -107 -1
-32 -127 -1
-14 -159 -1
-67 -165 -1
-58 -83 -1
-26 -7 -1
-68 -105 -1
-31 -73 -1
-47 -137 -1
-62 -177 -1
-67 -57 -1
-38 -25 -1
-51 -61 -1
-3 -105 -1
-47 -49 -1
-52 -157 -1
-23 -11 -1
-67 -63 -1
-59 -83 -1
-33 -195 -1
-7 -143 -1
-30 -113 -1
-53 -143 -1
-29 -177 -1
-42 -35 -1
-21 -213 -1
-16 -79 -1
-24 -147 -1
-46 -53 -1
-43 -201 -1
-60 -123 -1
-30 -111 -1
-21 -55 -1
-23 -13 -1
-24 -191 -1
-11 -185 -1
-28 -7 -1
-59 -201 -1
-19 -47 -1
-67 -105 -1
-68 -157 -1
-56 -187 -1
-8 -69 -1
-32 -105 -1
-36 -89 -1
-8 -187 -1
-17 -189 -1
-34 -137 -1
-47 -217 -1
-30 -135 -1
-37 -65 -1
-23 -7 -1
-16 -35 -1
-2 -125 -1
-34 -115 -1
-57 -57 -1
-36 -67 -1
-37 -113 -1
-41 -117 -1
-12 -173 -1
-41 -123 -1
-4 -45 -1
-38 -155 -1
-37 -219 -1
-43 -127 -1
-55 -5 -1
-10 -25 -1
-22 -189 -1
-49 -125 -1
-53 -159 -1
-17 -17 -1
-42 -89 -1
-65 -151 -1
-64 -59 -1
-64 -133 -1
-36 -49 -1
-35 -193 -1
-12 -217 -1
-48 -87 -1
-55 -27 -1
-42 -11 -1
-51 -93 -1
-56 -143 -1
-24 -17 -1
-44 -115 -1
-49 -49 -1
-22 -27 -1
-4 -175 -1
-23 -131 -1
-10 -193 -1
-39 -171 -1
-39 -179 -1
-26 -43 -1
-48 -181 -1
-37 -85 -1
-22 -113 -1
-49 -49 -1
-57 -185 -1
-21 -67 -1
-43 -9 -1
-64 -157 -1
-36 -9 -1
-63 -133 -1
-45 -91 -1
-54 -77 -1
-68 -91 -1
-37 -39 -1
-22 -59 -1
-28 -129 -1
-57 -195 -1
-4 -163 -1
-56 -163 -1
-36 -145 -1
-4 -93 -1
-31 -199 -1
-58 -199 -1
-63 -181 -1
-15 -203 -1
-53 -73 -1
-56 -73 -1
-37 -157 -1
-65 -27 -1
-11 -11 -1
-30 -97 -1
-27 -69 -1
-37 -213 -1
-21 -21 -1
-31 -51 -1
-42 -77 -1
-38 -11 -1
-62 -171 -1
-66 -41 -1
-20 -85 -1
-60 -199 -1
-68 -27 -1
-2 -171 -1
-58 -187 -1
-31 -219 -1
-44 -9 -1
-67 -99 -1
-40 -59 -1
-57 -59 -1
-22 -73 -1
-58 -69 -1
-68 -211 -1
-39 -77 -1
-32 -117 -1
-45 -177 -1
-41 -127 -1
-26 -1 -1
-11 -87 -1
-43 -55 -1
-42 -83 -1
-25 -139 -1
-31 -157 -1
-5 -23 -1
-2 -127 -1
-46 -155 -1
-44 -139 -1
-6 -17 -1
-15 -85 -1
-8 -55 -1
-21 -185 -1
-23 -15 -1
-44 -39 -1
-3 -85 -1
-32 -5 -1
-9 -113 -1
-25 -5 -1
-15 -55 -1
-14 -93 -1
-36 -57 -1
-30 -151 -1
-1 -203 -1
-1 -137 -1
-3 -173 -1
-53 -183 -1
-25 -171 -1
-1 -87 -1
-54 -53 -1
-51 -217 -1
-18 -137 -1
-7 -217 -1
-57 -33 -1
-47 -93 -1
-40 -41 -1
-9 -35 -1
-23 -65 -1
-1 -211 -1
-19 -69 -1
-66 -63 -1
-46 -171 -1
-27 -131 -1
-52 -29 -1
-14 -51 -1
-53 -195 -1
-25 -43 -1
-63 -117 -1
-68 -115 -1
-32 -123 -1
-39 -7 -1
-42 -49 -1
-67 -19 -1
-63 -117 -1
-55 -31 -1
-15 -97 -1
-33 -17 -1
-35 -79 -1
-17 -175 -1
-50 -91 -1
-25 -77 -1
-25 -147 -1
-17 -15 -1
-46 -41 -1
-25 -75 -1
-12 -135 -1
-10 -33 -1
-3 -25 -1
-41 -109 -1
-53 -205 -1
-10 -143 -1
-47 -9 -1
-64 -209 -1
-54 -113 -1
-50 -113 -1
-42 -201 -1
-18 -143 -1
-44 -219 -1
-53 -217 -1
-25 -25 -1
-23 -93 -1
-5 -159 -1
-4 -41 -1
-12 -125 -1
-2 -21 -1
-33 -5 -1
-61 -13 -1
-13 -71 -1
-3 -49 -1
-35 -215 -1
-2 -83 -1
-1 -123 -1
-22 -69 -1
-12 -111 -1
-46 -51 -1
-15 -89 -1
-4 -193 -1
-40 -187 -1
-43 -167 -1
-13 -165 -1
-61 -131 -1
-50 -77 -1
-12 -137 -1
-34 -107 -1
-11 -35 -1
-6 -77 -1
-52 -103 -1
-5 -193 -1
-32 -97 -1
-5 -101 -1
-17 -123 -1
-30 -207 -1
-62 -65 -1
-42 -113 -1
-47 -39 -1
-41 -39 -1
-58 -153 -1
-28 -119 -1
-38 -191 -1
-12 -47 -1
-18 -213 -1
-53 -121 -1
-62 -145 -1
-46 -69 -1
-20 -37 -1
-48 -143 -1
-48 -69 -1
-28 -29 -1
-19 -115 -1
-15 -21 -1
-32 -47 -1
-5 -87 -1
-58 -11 -1
-59 -129 -1
-37 -93 -1
-29 -75 -1
-41 -159 -1
-58 -217 -1
-29 -123 -1
-47 -155 -1
-64 -17 -1
-40 -15 -1
-20 -5 -1
-40 -169 -1
-13 -133 -1
-28 -131 -1
-8 -59 -1
-7 -7 -1
-44 -175 -1
-27 -121 -1
-67 -25 -1
-21 -29 -1
-64 -197 -1
-62 -177 -1
-47 -5 -1
-61 -1 -1
-7 -105 -1
-37 -69 -1
-46 -25 -1
-7 -37 -1
-21 -63 -1
-5 -145 -1
-30 -191 -1
-23 -85 -1
-13 -101 -1
-8 -213 -1
-45 -123 -1
-45 -5 -1
-4 -201 -1
-15 -87 -1
-14 -75 -1
-23 -49 -1
-46 -167 -1
-46 -153 -1
-19 -165 -1
-45 -37 -1
-37 -7 -1
-63 -105 -1
-11 -65 -1
-15 -5 -1
-42 -67 -1
-2 -153 -1
-16 -151 -1
-8 -25 -1
-2 -217 -1
-19 -111 -1
-43 -123 -1
-16 -75 -1
-29 -189 -1
-36 -31 -1
-3 -39 -1
-39 -157 -1
-23 -213 -1
-65 -107 -1
-67 -169 -1
-50 -167 -1
-34 -91 -1
-66 -47 -1
-23 -193 -1
-37 -31 -1
-43 -69 -1
-31 -5 -1
-29 -155 -1
-62 -183 -1
-54 -177 -1
-38 -1 -1
-67 -201 -1
-1 -51 -1
-25 -203 -1
-35 -193 -1
-38 -17 -1
-34 -85 -1
-19 -81 -1
-22 -217 -1
-16 -157 -1
-29 -111 -1
-33 -7 -1
-23 -89 -1
-67 -1 -1
-54 -131 -1
-39 -73 -1
-26 -3 -1
-22 -53 -1
-47 -157 -1
-38 -99 -1
-21 -203 -1
-65 -109 -1
-31 -5 -1
-52 -9 -1
-15 -197 -1
-22 -85 -1
-35 -177 -1
-34 -45 -1
-43 -107 -1
-36 -189 -1
-7 -199 -1
-67 -85 -1
-12 -201 -1
-61 -39 -1
-36 -119 -1
-34 -121 -1
-5 -129 -1
-2 -99 -1
-45 -171 -1
-54 -55 -1
-35 -9 -1
-28 -127 -1
-28 -149 -1
-17 -73 -1
-60 -165 -1
-61 -111 -1
-34 -11 -1
-37 -169 -1
-4 -5 -1
-20 -209 -1
-38 -123 -1
-36 -213 -1
-3 -161 -1
-10 -203 -1
-44 -33 -1
-21 -23 -1
-48 -69 -1
-52 -213 -1
-47 -141 -1
-10 -197 -1
-37 -61 -1
-5 -47 -1
-2 -197 -1
-8 -41 -1
-40 -85 -1
-27 -81 -1
-19 -137 -1
-55 -25 -1
-49 -157 -1
-11 -145 -1
-67 -185 -1
-21 -23 -1
-53 -79 -1
-54 -39 -1
-65 -89 -1
-22 -13 -1
-1 -1 -1
-42 -195 -1
-20 -37 -1
-42 -143 -1
-16 -171 -1
-18 -43 -1
-51 -31 -1
-61 -115 -1
-35 -33 -1
-16 -177 -1
-6 -53 -1
-37 -35 -1
-10 -155 -1
-52 -161 -1
-33 -213 -1
-22 -219 -1
-47 -75 -1
-19 -161 -1
-66 -79 -1
-49 -177 -1
-57 -175 -1
-47 -89 -1
-49 -61 -1
-27 -201 -1
-42 -119 -1
-61 -61 -1
-21 -147 -1
-11 -47 -1
-64 -135 -1
-15 -13 -1
-20 -137 -1
-27 -83 -1
-11 -165 -1
-46 -167 -1
-50 -101 -1
-35 -187 -1
-17 -203 -1
-63 -145 -1
-25 -93 -1
-2 -31 -1
-45 -81 -1
-34 -103 -1
-49 -153 -1
-43 -37 -1
-26 -109 -1
-63 -203 -1
-16 -47 -1
-48 -203 -1
-68 -193 -1
-44 -181 -1
-24 -181 -1
-9 -187 -1
-34 -193 -1
-43 -89 -1
-7 -209 -1
-16 -119 -1
-30 -155 -1
-20 -59 -1
-30 -25 -1
-25 -15 -1
-7 -109 -1
-9 -61 -1
-36 -65 -1
-14 -85 -1
-19 -143 -1
-30 -145 -1
-11 -89 -1
-42 -53 -1
-20 -69 -1
-37 -107 -1
-47 -109 -1
-22 -83 -1
-50 -77 -1
-8 -153 -1
-56 -107 -1
-57 -119 -1
-28 -133 -1
-25 -181 -1
-29 -89 -1
-1 -109 -1
-8 -145 -1
-31 -33 -1
-68 -59 -1
-30 -173 -1
-59 -173 -1
-33 -83 -1
-9 -39 -1
-39 -19 -1
-50 -15 -1
-65 -115 -1
-57 -89 -1
-27 -207 -1
-62 -55 -1
-67 -139 -1
-39 -91 -1
-55 -77 -1
-34 -87 -1
-48 -59 -1
-37 -163 -1
-14 -15 -1
-47 -81 -1
-15 -159 -1
-20 -3 -1
-27 -205 -1
-24 -149 -1
-53 -77 -1
-23 -153 -1
-45 -121 -1
-31 -169 -1
-59 -205 -1
-39 -107 -1
-10 -139 -1
-56 -101 -1
-47 -149 -1
-3 -187 -1
-20 -91 -1
-25 -127 -1
-31 -219 -1
-2 -195 -1
-25 -195 -1
-28 -93 -1
-59 -213 -1
-46 -35 -1
-11 -19 -1
-24 -43 -1
-52 -111 -1
-22 -95 -1
-36 -73 -1
-64 -175 -1
-25 -129 -1
-66 -209 -1
-36 -81 -1
-14 -43 -1
-45 -217 -1
-56 -217 -1
-6 -63 -1
-52 -23 -1
-47 -191 -1
-13 -119 -1
-43 -121 -1
-26 -41 -1
-11 -101 -1
-21 -5 -1
-55 -159 -1
-53 -119 -1
-8 -199 -1
-34 -127 -1
-40 -91 -1
-48 -153 -1
-44 -27 -1
-65 -153 -1
-21 -103 -1
-23 -149 -1
-45 -181 -1
-52 -165 -1
-6 -67 -1
-40 -27 -1
-63 -117 -1
-54 -153 -1
-59 -163 -1
-60 -101 -1
-19 -79 -1
-20 -133 -1
-5 -107 -1
-33 -153 -1
-52 -29 -1
-9 -17 -1
-27 -197 -1
-3 -55 -1
-23 -133 -1
-24 -15 -1
-64 -185 -1
-29 -125 -1
-9 -181 -1
-66 -155 -1
-8 -21 -1
-32 -119 -1
-38 -165 -1
-54 -117 -1
-55 -193 -1
-46 -159 -1
-21 -29 -1
-2 -147 -1
-34 -195 -1
-5 -5 -1
-27 -33 -1
-17 -17 -1
-17 -73 -1
-27 -75 -1
-42 -55 -1
-5 -5 -1
-36 -137 -1
-4 -191 -1
-18 -45 -1
-56 -91 -1
-14 -5 -1
-15 -211 -1
-23 -161 -1
-30 -95 -1
-63 -217 -1
-28 -207 -1
-31 -97 -1
-63 -29 -1
-43 -49 -1
-50 -103 -1
-1 -211 -1
-46 -91 -1
-47 -163 -1
-31 -161 -1
-42 -85 -1
-23 -25 -1
-23 -161 -1
-63 -103 -1
-33 -205 -1
-65 -37 -1
-21 -193 -1
-25 -111 -1
-15 -89 -1
-9 -183 -1
-13 -195 -1
-33 -73 -1
-27 -21 -1
-41 -19 -1
-32 -77 -1
-19 -185 -1
-13 -131 -1
-64 -93 -1
-36 -35 -1
-54 -101 -1
-23 -69 -1
-9 -79 -1
-59 -155 -1
-40 -215 -1
-61 -41 -1
-46 -13 -1
-13 -121 -1
-24 -127 -1
-37 -183 -1
-8 -141 -1
-9 -195 -1
-44 -97 -1
-9 -41 -1
-35 -177 -1
-2 -7 -1
-6 -151 -1
-44 -147 -1
-12 -131 -1
-51 -45 -1
-23 -43 -1
-51 -83 -1
-18 -131 -1
-60 -77 -1
-61 -15 -1
-12 -173 -1
-12 -193 -1
-60 -149 -1
-25 -1 -1
-35 -171 -1
-25 -203 -1
-2 -35 -1
-30 -107 -1
-42 -101 -1
-3 -213 -1
-37 -9 -1
-4 -149 -1
-23 -205 -1
-4 -3 -1
-49 -51 -1
-68 -191 -1
-40 -47 -1
-37 -113 -1
-38 -203 -1
-56 -215 -1
-61 -53 -1
-66 -161 -1
-65 -23 -1
-57 -121 -1
-55 -73 -1
-9 -175 -1
-42 -29 -1
-20 -143 -1
-21 -209 -1
-15 -171 -1
-8 -185 -1
-63 -33 -1
-1 -65 -1
-42 -175 -1
-20 -215 -1
-64 -49 -1
-47 -215 -1
-19 -33 -1
-64 -163 -1
-41 -197 -1
-67 -5 -1
-65 -63 -1
-25 -47 -1
-2 -27 -1
-45 -127 -1
-13 -185 -1
-14 -55 -1
-30 -51 -1
-7 -147 -1
-11 -1 -1
-51 -201 -1
-18 -195 -1
-18 -47 -1
-3 -209 -1
-27 -117 -1
-65 -207 -1
-28 -79 -1
-9 -49 -1
-28 -23 -1
-41 -155 -1
-61 -3 -1
-48 -217 -1
-4 -25 -1
-64 -213 -1
-18 -3 -1
-51 -59 -1
-52 -45 -1
-6 -33 -1
-25 -161 -1
-3 -169 -1
-48 -143 -1
-27 -73 -1
-7 -147 -1
-36 -9 -1
-59 -61 -1
-40 -3 -1
-52 -109 -1
-22 -33 -1
-63 -157 -1
-18 -153 -1
-49 -201 -1
-64 -157 -1
-29 -3 -1
-19 -155 -1
-44 -171 -1
-6 -215 -1
-15 -135 -1
-56 -55 -1
-41 -51 -1
-39 -111 -1
-45 -103 -1
-19 -213 -1
-28 -43 -1
-45 -91 -1
-2 -143 -1
-17 -129 -1
-7 -219 -1
-39 -175 -1
-32 -143 -1
-53 -179 -1
-35 -193 -1
-21 -93 -1
-7 -127 -1
-6 -81 -1
-29 -63 -1
-47 -141 -1
-19 -183 -1
-11 -95 -1
-29 -79 -1
-46 -9 -1
-16 -145 -1
-61 -41 -1
-45 -127 -1
-68 -59 -1
-25 -79 -1
-18 -125 -1
-45 -15 -1
-45 -93 -1
-67 -19 -1
-9 -167 -1
-12 -49 -1
-65 -67 -1
-14 -165 -1
-58 -187 -1
-56 -185 -1
-25 -25 -1
-42 -23 -1
-6 -25 -1
-13 -5 -1
-66 -73 -1
-45 -7 -1
-21 -173 -1
-47 -11 -1
-38 -71 -1
-2 -39 -1
-8 -47 -1
-22 -133 -1
-27 -53 -1
-14 -57 -1
-44 -31 -1
-39 -215 -1
-43 -193 -1
-25 -183 -1
-6 -5 -1
-15 -69 -1
-34 -197 -1
-38 -7 -1
-31 -21 -1
-62 -179 -1
-63 -187 -1
-9 -25 -1
-52 -33 -1
-66 -171 -1
-38 -161 -1
-4 -101 -1
-39 -23 -1
-20 -183 -1
-14 -55 -1
-63 -151 -1
-27 -201 -1
-67 -15 -1
-14 -29 -1
-19 -179 -1
-57 -65 -1
-7 -37 -1
-16 -91 -1
-21 -97 -1
-67 -213 -1
-2 -167 -1
-68 -1 -1
-19 -139 -1
-68 -69 -1
-56 -59 -1
-31 -65 -1
-37 -187 -1
-38 -119 -1
-23 -127 -1
-62 -103 -1
-57 -97 -1
-46 -65 -1
-1 -169 -1
-37 -147 -1
-15 -125 -1
-66 -83 -1
-12 -15 -1
-7 -83 -1
-4 -59 -1
-23 -147 -1
-55 -7 -1
-18 -17 -1
-2 -25 -1
-45 -191 -1
-40 -165 -1
-12 -57 -1
-50 -107 -1
-12 -25 -1
-1 -111 -1
-29 -17 -1
-9 -181 -1
-7 -35 -1
-45 -69 -1
-63 -161 -1
-61 -67 -1
-58 -31 -1
-46 -173 -1
-26 -71 -1
-58 -185 -1
-13 -97 -1
-53 -117 -1
-54 -79 -1
-19 -53 -1
-34 -215 -1
-51 -27 -1
-38 -13 -1
-43 -25 -1
-63 -61 -1
-7 -119 -1
-18 -215 -1
-13 -123 -1
-9 -209 -1
-4 -161 -1
-38 -109 -1
-30 -121 -1
-65 -139 -1
-27 -147 -1
-31 -7 -1
-4 -125 -1
-19 -41 -1
-6 -45 -1
-18 -191 -1
-4 -177 -1
-3 -165 -1
-21 -125 -1
-48 -167 -1
-46 -53 -1
-50 -49 -1
-46 -7 -1
-26 -77 -1
-4 -107 -1
-16 -199 -1
-60 -61 -1
-66 -189 -1
-47 -3 -1
-41 -3 -1
-16 -145 -1
-68 -209 -1
-54 -193 -1
-9 -97 -1
-37 -113 -1
-65 -111 -1
-7 -135 -1
-9 -9 -1
-31 -107 -1
-67 -35 -1
-10 -167 -1
-35 -111 -1
-30 -51 -1
-33 -31 -1
-18 -97 -1
-27 -145 -1
-9 -85 -1
-36 -161 -1
-30 -153 -1
-26 -167 -1
-52 -31 -1
-61 -11 -1
-50 -69 -1
-7 -67 -1
-19 -57 -1
-30 -145 -1
-56 -207 -1
-43 -19 -1
-28 -145 -1
-48 -61 -1
-13 -109 -1
-68 -217 -1
-28 -125 -1
-22 -97 -1
-37 -33 -1
-21 -93 -1
-39 -61 -1
-26 -17 -1
-48 -125 -1
-32 -199 -1
-47 -161 -1
-62 -13 -1
-16 -139 -1
-15 -15 -1
-9 -59 -1
-15 -39 -1
-51 -185 -1
-22 -181 -1
-34 -15 -1
-56 -171 -1
-31 -189 -1
-10 -137 -1
-3 -201 -1
-17 -173 -1
-56 -139 -1
-23 -125 -1
-24 -1 -1
-7 -33 -1
-65 -21 -1
-59 -103 -1
-54 -17 -1
-23 -193 -1
-19 -163 -1
-5 -107 -1
-32 -81 -1
-36 -23 -1
-40 -83 -1
-65 -187 -1
-51 -149 -1
-21 -39 -1
-66 -77 -1
-43 -155 -1
-47 -17 -1
-11 -185 -1
-2 -53 -1
-68 -49 -1
-67 -183 -1
-9 -95 -1
-38 -177 -1
-18 -5 -1
-51 -151 -1
-2 -103 -1
-52 -135 -1
-25 -217 -1
-33 -107 -1
-27 -29 -1
-27 -181 -1
-34 -153 -1
-63 -45 -1
-59 -213 -1
-25 -11 -1
-68 -107 -1
-16 -197 -1
-51 -15 -1
-50 -151 -1
-55 -13 -1
-10 -197 -1
-67 -123 -1
-32 -53 -1
-29 -173 -1
-15 -3 -1
-48 -103 -1
-60 -79 -1
-2 -3 -1
-51 -105 -1
-41 -99 -1
-44 -103 -1
-41 -73 -1
-37 -119 -1
-47 -3 -1
-23 -141 -1
-63 -131 -1
-14 -9 -1
-29 -47 -1
-26 -111 -1
-35 -197 -1
-44 -145 -1
-44 -41 -1
-33 -165 -1
-45 -91 -1
-59 -181 -1
-16 -75 -1
-35 -7 -1
-5 -7 -1
-18 -65 -1
-38 -33 -1
-29 -195 -1
-56 -77 -1
-20 -219 -1
-66 -19 -1
-68 -81 -1
-5 -135 -1
-58 -79 -1
-28 -95 -1
-51 -51 -1
-61 -199 -1
-34 -181 -1
-23 -97 -1
-3 -27 -1
-46 -143 -1
-66 -13 -1
-24 -1 -1
-41 -143 -1
-55 -69 -1
-17 -115 -1
-47 -77 -1
-51 -187 -1
-43 -103 -1
-50 -83 -1
-3 -117 -1
-44 -215 -1
-7 -191 -1
-35 -135 -1
-27 -119 -1
-14 -99 -1
-49 -73 -1
-67 -17 -1
-60 -161 -1
-65 -31 -1
-44 -129 -1
-66 -47 -1
-11 -23 -1
-24 -187 -1
-1 -63 -1
-64 -47 -1
-7 -107 -1
-12 -137 -1
-68 -187 -1
-18 -187 -1
-55 -115 -1
-23 -57 -1
-33 -97 -1
-9 -203 -1
-49 -89 -1
-44 -43 -1
-60 -81 -1
-24 -75 -1
-30 -113 -1
-65 -131 -1
-19 -117 -1
-44 -151 -1
-54 -143 -1
-58 -51 -1
-18 -201 -1
-9 -189 -1
-64 -199 -1
-65 -31 -1
-14 -17 -1
-57 -35 -1
-8 -157 -1
-8 -43 -1
-25 -211 -1
-42 -79 -1
-51 -219 -1
-6 -3 -1
-47 -101 -1
-39 -179 -1
-29 -149 -1
-50 -71 -1
-39 -197 -1
-55 -85 -1
-68 -51 -1
-12 -149 -1
-47 -173 -1
-11 -57 -1
-33 -31 -1
-47 -39 -1
-21 -35 -1
-24 -99 -1
-21 -155 -1
-62 -49 -1
-41 -89 -1
-64 -115 -1
-31 -41 -1
-51 -119 -1
-44 -127 -1
-24 -97 -1
-22 -197 -1
-31 -201 -1
-17 -99 -1
-57 -173 -1
-50 -173 -1
-21 -141 -1
-22 -159 -1
-28 -85 -1
-16 -67 -1
-16 -43 -1
-2 -37 -1
-2 -183 -1
-23 -13 -1
-26 -101 -1
-19 -201 -1
-55 -111 -1
-36 -179 -1
-21 -71 -1
-37 -41 -1
-12 -129 -1
-28 -69 -1
-42 -179 -1
-68 -217 -1
-64 -111 -1
-54 -3 -1
-16 -75 -1
-52 -217 -1
-5 -129 -1
-64 -45 -1
-36 -7 -1
-59 -171 -1
-11 -145 -1
-35 -197 -1
-36 -129 -1
-68 -211 -1
-54 -173 -1
-15 -155 -1
-26 -107 -1
-2 -155 -1
-21 -11 -1
-15 -27 -1
-25 -121 -1
-38 -169 -1
-51 -25 -1
-17 -171 -1
-65 -197 -1
-56 -31 -1
-44 -13 -1
-34 -41 -1
-10 -177 -1
-9 -109 -1
-13 -151 -1
-58 -41 -1
-45 -111 -1
-47 -69 -1
-44 -159 -1
-59 -151 -1
-33 -151 -1
-55 -103 -1
-22 -115 -1
-1 -35 -1
-1 -159 -1
-66 -73 -1
-59 -17 -1
-68 -101 -1
-68 -53 -1
-31 -177 -1
-6 -89 -1
-63 -125 -1
-26 -151 -1
-41 -125 -1
-41 -159 -1
-47 -135 -1
-8 -9 -1
-56 -23 -1
-41 -215 -1
-23 -105 -1
-17 -195 -1
-6 -119 -1
-28 -187 -1
-26 -195 -1
-23 -205 -1
-19 -89 -1
-25 -109 -1
-24 -105 -1
-10 -185 -1
-7 -121 -1
-35 -149 -1
-35 -117 -1
-65 -125 -1
-49 -23 -1
-7 -165 -1
-64 -161 -1
-10 -85 -1
-46 -149 -1
-67 -113 -1
-65 -69 -1
-21 -41 -1
-17 -35 -1
-40 -109 -1
-26 -23 -1
-24 -67 -1
-49 -167 -1
-18 -69 -1
-5 -49 -1
-22 -219 -1
-28 -133 -1
-21 -201 -1
-66 -137 -1
-60 -151 -1
-2 -95 -1
-15 -71 -1
-39 -7 -1
-2 -109 -1
-35 -133 -1
-56 -81 -1
-16 -21 -1
-17 -23 -1
-20 -171 -1
-9 -157 -1
-31 -171 -1
-9 -81 -1
-9 -153 -1
-19 -83 -1
-40 -183 -1
-3 -189 -1
-23 -103 -1
-43 -161 -1
-68 -13 -1
-14 -215 -1
-23 -83 -1
-32 -219 -1
-52 -149 -1
-23 -173 -1
-15 -109 -1
-6 -31 -1
-44 -167 -1
-32 -191 -1
-26 -9 -1
-40 -3 -1
-56 -197 -1
-59 -205 -1
-50 -51 -1
-56 -151 -1
-39 -123 -1
-23 -47 -1
-9 -87 -1
-26 -55 -1
-20 -47 -1
-19 -125 -1
-64 -61 -1
-4 -25 -1
-6 -111 -1
-47 -209 -1
-32 -191 -1
-58 -187 -1
-66 -213 -1
-15 -113 -1
-51 -83 -1
-59 -177 -1
-53 -31 -1
-37 -13 -1
-65 -107 -1
-6 -137 -1
-59 -129 -1
-21 -49 -1
-46 -105 -1
-30 -87 -1
-8 -125 -1
-55 -203 -1
-22 -145 -1
-7 -165 -1
-19 -161 -1
-39 -45 -1
-40 -93 -1
-10 -39 -1
-5 -147 -1
-53 -161 -1
-45 -169 -1
-27 -123 -1
-25 -195 -1
-45 -25 -1
-48 -175 -1
-19 -73 -1
-44 -189 -1
-44 -187 -1
-17 -147 -1
-54 -31 -1
-53 -155 -1
-10 -75 -1
-18 -215 -1
-17 -217 -1
-42 -157 -1
-46 -165 -1
-68 -177 -1
-6 -185 -1
-60 -71 -1
-24 -201 -1
-11 -191 -1
-27 -25 -1
-31 -177 -1
-6 -41 -1
-31 -37 -1
-42 -25 -1
-63 -73 -1
-17 -45 -1
-32 -157 -1
-49 -113 -1
-10 -47 -1
-1 -49 -1
-53 -203 -1
-38 -169 -1
-67 -9 -1
-17 -143 -1
-23 -183 -1
-1 -11 -1
-5 -199 -1
-26 -67 -1
-16 -189 -1
-8 -67 -1
-44 -85 -1
-48 -111 -1
-18 -187 -1
-51 -133 -1
-43 -159 -1
-10 -139 -1
-6 -27 -1
-63 -15 -1
-1 -75 -1
-53 -127 -1
-31 -139 -1
-13 -201 -1
-59 -115 -1
-53 -143 -1
-36 -173 -1
-38 -45 -1
-46 -3 -1
-38 -215 -1
-38 -189 -1
-14 -191 -1
-66 -145 -1
-26 -101 -1
-55 -87 -1
-50 -13 -1
-55 -111 -1
-7 -103 -1
-12 -147 -1
-53 -209 -1
-36 -213 -1
-34 -35 -1
-32 -41 -1
-36 -149 -1
-14 -167 -1
-6 -97 -1
-39 -213 -1
-27 -185 -1
-5 -67 -1
-27 -89 -1
-62 -1 -1
-45 -43 -1
-33 -123 -1
-52 -149 -1
-47 -73 -1
-2 -123 -1
-6 -33 -1
-28 -111 -1
-52 -79 -1
-43 -109 -1
-6 -57 -1
-57 -55 -1
-1 -81 -1
-29 -159 -1
-5 -213 -1
-10 -133 -1
-61 -13 -1
-22 -125 -1
-20 -187 -1
-51 -167 -1
-27 -161 -1
-64 -203 -1
-66 -161 -1
-7 -111 -1
-39 -7 -1
-25 -103 -1
-66 -19 -1
-47 -127 -1
-51 -81 -1
-13 -43 -1
-39 -95 -1
-46 -13 -1
-52 -131 -1
-10 -41 -1
-11 -51 -1
-7 -33 -1
-7 -187 -1
-33 -25 -1
-27 -83 -1
-23 -21 -1
-5 -205 -1
-8 -123 -1
-11 -65 -1
-50 -151 -1
-62 -123 -1
-14 -27 -1
-23 -81 -1
-27 -215 -1
-67 -119 -1
-12 -57 -1
-13 -115 -1
-57 -65 -1
-63 -87 -1
-14 -41 -1
-22 -179 -1
-48 -27 -1
-49 -55 -1
-12 -213 -1
-58 -125 -1
-37 -119 -1
-40 -127 -1
-1 -211 -1
-1 -65 -1
-24 -15 -1
-62 -189 -1
-14 -99 -1
-17 -97 -1
-49 -93 -1
-22 -183 -1
-16 -201 -1
-21 -107 -1
-24 -183 -1
-15 -95 -1
-47 -61 -1
-10 -69 -1
-37 -143 -1
-44 -159 -1
-18 -65 -1
-26 -203 -1
-9 -205 -1
-47 -9 -1
-4 -175 -1
-3 -129 -1
-6 -35 -1
-35 -203 -1
-65 -7 -1
-29 -123 -1
-41 -51 -1
-36 -171 -1
-63 -191 -1
-2 -25 -1
-66 -131 -1
-11 -1 -1
-66 -83 -1
-3 -199 -1
-68 -127 -1
-30 -71 -1
-19 -49 -1
-59 -35 -1
-58 -59 -1
-49 -159 -1
-9 -137 -1
-46 -85 -1
-45 -131 -1
-44 -17 -1
-8 -77 -1
-2 -71 -1
-28 -21 -1
-33 -85 -1
-12 -15 -1
-58 -1 -1
-48 -169 -1
-18 -81 -1
-37 -103 -1
-48 -79 -1
-57 -87 -1
-32 -51 -1
-24 -97 -1
-25 -153 -1
-52 -105 -1
-64 -73 -1
-66 -149 -1
-56 -213 -1
-25 -11 -1
-17 -87 -1
-56 -91 -1
-29 -69 -1
-56 -33 -1
-34 -173 -1
-67 -151 -1
-59 -33 -1
-2 -205 -1
-36 -171 -1
-53 -85 -1
-31 -121 -1
-27 -97 -1
-56 -41 -1
-18 -19 -1
-54 -113 -1
-39 -53 -1
-30 -195 -1
-10 -1 -1
-38 -33 -1
-63 -137 -1
-22 -93 -1
-51 -103 -1
-64 -129 -1
-20 -101 -1
-38 -211 -1
-14 -43 -1
-67 -141 -1
-12 -117 -1
-67 -97 -1
-65 -7 -1
-62 -37 -1
-42 -13 -1
-14 -183 -1
-50 -101 -1
-5 -55 -1
-5 -61 -1
-30 -37 -1
-29 -19 -1
-16 -165 -1
-14 -191 -1
-66 -135 -1
-5 -31 -1
-51 -53 -1
-16 -81 -1
-51 -117 -1
-64 -149 -1
-5 -53 -1
-6 -9 -1
-37 -87 -1
-58 -5 -1
-45 -205 -1
-40 -87 -1
-1 -153 -1
-39 -187 -1
-37 -151 -1
-16 -73 -1
-61 -129 -1
-25 -127 -1
-45 -139 -1
-57 -95 -1
-55 -15 -1
-3 -193 -1
-45 -73 -1
-14 -57 -1
-62 -111 -1
-41 -117 -1
-2 -99 -1
-48 -193 -1
-58 -79 -1
-13 -85 -1
-56 -177 -1
-8 -163 -1
-56 -1 -1
-27 -9 -1
-18 -163 -1
-57 -35 -1
-20 -47 -1
-30 -167 -1
-8 -31 -1
-2 -203 -1
-49 -175 -1
-4 -21 -1
-3 -37 -1
-41 -215 -1
-25 -173 -1
-16 -207 -1
-21 -53 -1
-38 -61 -1
-68 -201 -1
-33 -187 -1
-4 -207 -1
-4 -101 -1
-32 -147 -1
-16 -203 -1
-28 -201 -1
-24 -161 -1
-21 -99 -1
-38 -25 -1
-62 -9 -1
-17 -145 -1
-35 -59 -1
-39 -79 -1
-68 -55 -1
-64 -95 -1
-67 -185 -1
-26 -73 -1
-59 -215 -1
-21 -127 -1
-59 -9 -1
-29 -35 -1
-63 -151 -1
-6 -15 -1
-29 -61 -1
-38 -215 -1
-52 -127 -1
-39 -119 -1
-24 -183 -1
-40 -45 -1
-35 -209 -1
-44 -139 -1
-28 -217 -1
-30 -85 -1
-24 -191 -1
-28 -35 -1
-42 -199 -1
-13 -17 -1
-59 -211 -1
-15 -21 -1
-58 -53 -1
-54 -25 -1
-42 -179 -1
-22 -25 -1
-57 -179 -1
-27 -43 -1
-27 -197 -1
-6 -171 -1
-53 -89 -1
-38 -67 -1
-58 -109 -1
-44 -47 -1
-23 -177 -1
-27 -219 -1
-41 -65 -1
-52 -145 -1
-28 -201 -1
-54 -69 -1
-35 -35 -1
-63 -45 -1
-36 -175 -1
-50 -29 -1
-22 -111 -1
-10 -185 -1
-49 -161 -1
-25 -165 -1
-49 -119 -1
-61 -117 -1
-23 -213 -1
-23 -93 -1
-60 -73 -1
-5 -139 -1
-50 -201 -1
-64 -13 -1
-50 -153 -1
-47 -77 -1
-42 -101 -1
-11 -61 -1
-21 -125 -1
-68 -37 -1
-38 -3 -1
-16 -63 -1
-52 -205 -1
-14 -95 -1
-55 -155 -1
-36 -5 -1
-2 -85 -1
-35 -213 -1
-28 -203 -1
-46 -159 -1
-53 -115 -1
-36 -129 -1
-6 -59 -1
-30 -143 -1
-60 -9 -1
-25 -105 -1
-48 -155 -1
-29 -97 -1
-33 -121 -1
-41 -129 -1
-38 -109 -1
-39 -19 -1
-6 -181 -1
-50 -189 -1
-51 -137 -1
-34 -181 -1
-46 -145 -1
-38 -155 -1
-33 -49 -1
-45 -141 -1
-66 -173 -1
-52 -99 -1
-42 -215 -1
-38 -165 -1
-62 -115 -1
-68 -75 -1
-67 -179 -1
-11 -109 -1
-54 -61 -1
-44 -111 -1
-32 -41 -1
-13 -155 -1
-61 -215 -1
-6 -93 -1
-30 -59 -1
-6 -61 -1
-57 -103 -1
-52 -127 -1
-41 -21 -1
-21 -157 -1
-61 -191 -1
-42 -117 -1
-45 -199 -1
-52 -131 -1
-68 -47 -1
-25 -99 -1
-54 -153 -1
-2 -101 -1
-31 -177 -1
-29 -119 -1
-1 -91 -1
-24 -73 -1
-37 -5 -1
-39 -37 -1
-55 -21 -1
-67 -109 -1
-25 -55 -1
-15 -59 -1
-35 -169 -1
-60 -201 -1
-45 -213 -1
-61 -103 -1
-44 -121 -1
-39 -141 -1
-26 -159 -1
-64 -107 -1
-23 -25 -1
-13 -5 -1
-62 -149 -1
-1 -49 -1
-12 -117 -1
-3 -81 -1
-58 -207 -1
-17 -85 -1
-29 -79 -1
-40 -89 -1
-58 -103 -1
-18 -109 -1
-20 -131 -1
-18 -37 -1
-46 -163 -1
-10 -69 -1
-40 -171 -1
-10 -177 -1
-9 -89 -1
-35 -157 -1
-21 -37 -1
-10 -155 -1
-27 -43 -1
-25 -33 -1
-40 -211 -1
-66 -99 -1
-41 -43 -1
-22 -115 -1
-6 -217 -1
-3 -51 -1
-9 -155 -1
-11 -161 -1
-27 -141 -1
-66 -9 -1
-54 -173 -1
-17 -91 -1
-41 -193 -1
-21 -195 -1
-41 -35 -1
-59 -137 -1
-7 -179 -1
-58 -207 -1
-19 -57 -1
-28 -185 -1
-47 -89 -1
-61 -49 -1
-66 -215 -1
-23 -33 -1
-66 -99 -1
-9 -57 -1
-62 -97 -1
-39 -91 -1
-58 -163 -1
-42 -115 -1
-60 -123 -1
-39 -77 -1
-28 -129 -1
-26 -61 -1
-25 -173 -1
-49 -111 -1
-47 -47 -1
-62 -35 -1
-21 -103 -1
-35 -71 -1
-39 -183 -1
-23 -3 -1
-65 -9 -1
-3 -151 -1
-36 -7 -1
-51 -151 -1
-66 -49 -1
-26 -213 -1
-43 -135 -1
-25 -219 -1
-58 -193 -1
-20 -23 -1
-28 -107 -1
-57 -143 -1
-62 -41 -1
-10 -39 -1
-32 -197 -1
-42 -135 -1
-63 -55 -1
-17 -27 -1
-23 -59 -1
-15 -123 -1
-65 -119 -1
-47 -153 -1
-56 -75 -1
-24 -27 -1
-40 -145 -1
-66 -1 -1
-57 -149 -1
-40 -173 -1
-23 -113 -1
-52 -143 -1
-16 -203 -1
-66 -125 -1
-58 -159 -1
-19 -133 -1
-58 -169 -1
-37 -129 -1
-68 -87 -1
-65 -91 -1
-6 -19 -1
-35 -163 -1
-57 -99 -1
-66 -201 -1
-29 -11 -1
-53 -99 -1
-2 -17 -1
-37 -219 -1
-59 -97 -1
-20 -87 -1
-13 -87 -1
-15 -55 -1
-38 -77 -1
-60 -171 -1
-62 -1 -1
-34 -167 -1
-61 -151 -1
-36 -65 -1
-35 -77 -1
-43 -13 -1
-23 -97 -1
-1 -205 -1
-51 -121 -1
-68 -75 -1
-42 -157 -1
-8 -95 -1
-11 -9 -1
-48 -107 -1
-28 -63 -1
-27 -211 -1
-14 -97 -1
-55 -185 -1
-64 -165 -1
-36 -183 -1
-6 -35 -1
-8 -159 -1
-22 -91 -1
-33 -167 -1
-67 -145 -1
-15 -153 -1
-38 -153 -1
-8 -85 -1
-54 -109 -1
-10 -209 -1
-43 -9 -1
-62 -161 -1
-36 -59 -1
-10 -9 -1
-55 -127 -1
-9 -41 -1
-47 -59 -1
-8 -73 -1
-18 -141 -1
-19 -65 -1
-4 -123 -1
-44 -5 -1
-1 -201 -1
-19 -45 -1
-9 -217 -1
-18 -65 -1
-56 -121 -1
-42 -81 -1
-44 -173 -1
-30 -69 -1
-28 -91 -1
-39 -23 -1
-25 -39 -1
-48 -217 -1
-36 -159 -1
-53 -99 -1
-18 -161 -1
-2 -119 -1
-52 -133 -1
-44 -157 -1
-2 -127 -1
-33 -97 -1
-35 -21 -1
-42 -33 -1
-8 -199 -1
-41 -99 -1
-23 -113 -1
-54 -173 -1
-10 -13 -1
-36 -111 -1
-41 -177 -1
-61 -173 -1
-61 -133 -1
-42 -85 -1
-8 -157 -1
-47 -193 -1
-17 -135 -1
-44 -69 -1
-21 -145 -1
-62 -61 -1
-14 -103 -1
-18 -75 -1
-19 -67 -1
-33 -39 -1
-63 -131 -1
-13 -193 -1
-45 -95 -1
-22 -45 -1
-7 -63 -1
-6 -213 -1
-53 -63 -1
-27 -55 -1
-27 -169 -1
-59 -179 -1
-53 -85 -1
-36 -211 -1
-6 -27 -1
-54 -19 -1
-64 -149 -1
-44 -55 -1
-10 -51 -1
-22 -75 -1
-36 -203 -1
-49 -157 -1
-19 -65 -1
-26 -1 -1
-11 -39 -1
-12 -185 -1
-12 -17 -1
-55 -89 -1
-6 -139 -1
-57 -155 -1
-6 -89 -1
-2 -159 -1
-59 -13 -1
-59 -211 -1
-48 -93 -1
-2 -31 -1
-10 -171 -1
-49 -49 -1
-20 -217 -1
-30 -93 -1
-25 -13 -1
-60 -173 -1
-10 -7 -1
-56 -183 -1
-68 -13 -1
-56 -157 -1
-8 -69 -1
-37 -151 -1
-64 -17 -1
-42 -79 -1
-67 -15 -1
-48 -55 -1
-43 -137 -1
-34 -101 -1
-16 -183 -1
-51 -47 -1
-29 -203 -1
-15 -199 -1
-55 -57 -1
-25 -135 -1
-34 -137 -1
-34 -3 -1
-2 -205 -1
-43 -201 -1
-23 -203 -1
-5 -19 -1
-52 -121 -1
-60 -163 -1
-24 -155 -1
-44 -211 -1
-52 -79 -1
-21 -201 -1
-25 -129 -1
-46 -137 -1
-32 -171 -1
-42 -201 -1
-38 -71 -1
-15 -69 -1
-1 -177 -1
-39 -89 -1
-34 -77 -1
-25 -157 -1
-30 -19 -1
-41 -189 -1
-35 -159 -1
-36 -93 -1
-36 -71 -1
-61 -121 -1
-1 -213 -1
-7 -145 -1
-12 -75 -1
-14 -79 -1
-27 -131 -1
-3 -153 -1
-11 -179 -1
-18 -169 -1
-36 -97 -1
-68 -137 -1
-26 -155 -1
-64 -109 -1
-25 -183 -1
-39 -127 -1
-38 -51 -1
-16 -85 -1
-22 -149 -1
-31 -199 -1
-57 -55 -1
-23 -17 -1
-25 -3 -1
-57 -209 -1
-1 -35 -1
-47 -165 -1
-38 -127 -1
-25 -93 -1
-1 -169 -1
-58 -91 -1
-54 -77 -1
-42 -147 -1
-14 -93 -1
-56 -9 -1
-21 -143 -1
-38 -63 -1
-36 -183 -1
-38 -125 -1
-35 -185 -1
-6 -149 -1
-39 -91 -1
-38 -15 -1
-40 -147 -1
-30 -29 -1
-17 -61 -1
-61 -3 -1
-53 -131 -1
-22 -119 -1
-53 -41 -1
-63 -93 -1
-58 -179 -1
-53 -25 -1
-41 -217 -1
-13 -117 -1
-65 -43 -1
-49 -79 -1
-48 -181 -1
-52 -67 -1
-17 -123 -1
-3 -189 -1
-16 -173 -1
-5 -47 -1
-48 -25 -1
-23 -175 -1
-36 -53 -1
-46 -185 -1
-50 -13 -1
-64 -49 -1
-8 -65 -1
-60 -27 -1
-52 -63 -1
-48 -117 -1
-65 -199 -1
-48 -93 -1
-64 -181 -1
-2 -107 -1
-19 -167 -1
-40 -215 -1
-14 -161 -1
-12 -213 -1
-32 -107 -1
-44 -185 -1
-64 -29 -1
-43 -213 -1
-20 -67 -1
-65 -93 -1
-10 -135 -1
-65 -65 -1
-27 -41 -1
-28 -113 -1
-11 -35 -1
-21 -89 -1
-57 -171 -1
-22 -167 -1
-29 -93 -1
-12 -169 -1
-64 -133 -1
-17 -37 -1
-19 -129 -1
-15 -215 -1
-65 -43 -1
-52 -87 -1
-46 -95 -1
-6 -35 -1
-28 -127 -1
-4 -213 -1
-55 -151 -1
-60 -141 -1
-11 -49 -1
-15 -23 -1
-43 -173 -1
-33 -195 -1
-52 -89 -1
-8 -39 -1
-39 -83 -1
-30 -211 -1
-21 -119 -1
-8 -19 -1
-26 -75 -1
-25 -17 -1
-61 -119 -1
-67 -81 -1
-61 -61 -1
-31 -123 -1
-48 -139 -1
-64 -201 -1
-60 -5 -1
-68 -219 -1
-43 -65 -1
-17 -11 -1
-43 -173 -1
-22 -115 -1
-56 -205 -1
-63 -127 -1
-37 -123 -1
-8 -97 -1
-42 -119 -1
-30 -107 -1
-52 -201 -1
-31 -151 -1
-5 -103 -1
-16 -197 -1
-15 -117 -1
-52 -165 -1
-15 -31 -1
-55 -77 -1
-7 -85 -1
-39 -17 -1
-44 -93 -1
-13 -203 -1
-51 -107 -1
-6 -85 -1
-31 -51 -1
-48 -121 -1
-26 -149 -1
-63 -177 -1
-59 -149 -1
-10 -79 -1
-19 -113 -1
-41 -53 -1
-5 -97 -1
-25 -137 -1
-56 -195 -1
-38 -219 -1
-65 -73 -1
-63 -47 -1
-21 -83 -1
-66 -101 -1
-40 -153 -1
-50 -211 -1
-64 -127 -1
-33 -167 -1
-38 -69 -1
-10 -125 -1
-15 -17 -1
-66 -141 -1
-28 -179 -1
-53 -111 -1
-30 -107 -1
-56 -83 -1
-20 -89 -1
-19 -103 -1
-64 -93 -1
-30 -115 -1
-24 -201 -1
-44 -189 -1
-30 -33 -1
-40 -5 -1
-9 -125 -1
-29 -63 -1
-24 -105 -1
-1 -43 -1
-5 -25 -1
-31 -105 -1
-68 -133 -1
-39 -7 -1
-9 -111 -1
-27 -3 -1
-40 -105 -1
-36 -203 -1
-44 -57 -1
-50 -205 -1
-25 -153 -1
-68 -57 -1
-60 -151 -1
-53 -45 -1
-12 -159 -1
-11 -103 -1
-41 -21 -1
-68 -197 -1
-28 -19 -1
-29 -101 -1
-18 -181 -1
-31 -17 -1
-1 -129 -1
-15 -17 -1
-24 -177 -1
-37 -173 -1
-45 -79 -1
-9 -29 -1
-37 -1 -1
-3 -91 -1
-58 -39 -1
-24 -97 -1
-43 -185 -1
-48 -201 -1
-33 -217 -1
-28 -31 -1
-60 -69 -1
-25 -19 -1
-12 -59 -1
-48 -49 -1
-32 -49 -1
-38 -213 -1
-30 -113 -1
-28 -69 -1
-45 -213 -1
-23 -171 -1
-37 -203 -1
-58 -183 -1
-60 -7 -1
-51 -35 -1
-31 -23 -1
-60 -57 -1
-5 -3 -1
-28 -53 -1
-9 -187 -1
-49 -71 -1
-1 -181 -1
-39 -193 -1
-63 -55 -1
-68 -151 -1
-56 -61 -1
-62 -83 -1
-51 -59 -1
-41 -189 -1
-32 -141 -1
-7 -165 -1
-2 -217 -1
-29 -141 -1
-47 -123 -1
-33 -107 -1
-10 -157 -1
-53 -167 -1
-21 -99 -1
-23 -93 -1
-23 -131 -1
-13 -53 -1
-9 -137 -1
-21 -135 -1
-4 -115 -1
-57 -83 -1
-19 -25 -1
-65 -49 -1
-66 -93 -1
-35 -1 -1
-38 -123 -1
-13 -129 -1
-28 -23 -1
-68 -39 -1
-14 -15 -1
-4 -45 -1
-23 -195 -1
-1 -47 -1
-43 -85 -1
-7 -179 -1
-33 -127 -1
-12 -23 -1
-13 -65 -1
-22 -67 -1
-60 -25 -1
-6 -5 -1
-35 -197 -1
-48 -77 -1
-10 -143 -1
-26 -151 -1
-60 -91 -1
-11 -7 -1
-61 -173 -1
-58 -145 -1
-23 -83 -1
-30 -153 -1
-57 -19 -1
-13 -35 -1
-68 -57 -1
-56 -201 -1
-57 -189 -1
-51 -189 -1
-17 -13 -1
-33 -145 -1
-17 -129 -1
-27 -159 -1
-12 -3 -1
-33 -11 -1
-2 -209 -1
-22 -141 -1
-63 -17 -1
-42 -161 -1
-17 -149 -1
-35 -31 -1
-66 -205 -1
-64 -39 -1
-26 -193 -1
-55 -85 -1
-63 -163 -1
-26 -207 -1
-11 -167 -1
-16 -121 -1
-29 -67 -1
-36 -119 -1
-8 -7 -1
-5 -11 -1
-41 -113 -1
-47 -33 -1
-6 -23 -1
-21 -199 -1
-40 -65 -1
-50 -65 -1
-57 -143 -1
-3 -193 -1
-35 -187 -1
-56 -65 -1
-27 -187 -1
-50 -43 -1
-8 -115 -1
-22 -81 -1
-17 -7 -1
-68 -69 -1
-60 -45 -1
-19 -95 -1
-4 -181 -1
-50 -77 -1
-32 -71 -1
-64 -133 -1
-17 -41 -1
-51 -185 -1
-51 -157 -1
-67 -173 -1
-46 -7 -1
-6 -109 -1
-47 -131 -1
-64 -33 -1
-52 -103 -1
-55 -125 -1
-67 -215 -1
-15 -161 -1
-23 -81 -1
-65 -95 -1
-50 -83 -1
-10 -177 -1
-50 -215 -1
-18 -79 -1
-47 -143 -1
-66 -139 -1
-30 -213 -1
-57 -195 -1
-32 -183 -1
-6 -177 -1
-45 -33 -1
-22 -141 -1
-53 -77 -1
-16 -217 -1
-30 -195 -1
-43 -159 -1
-65 -81 -1
-22 -115 -1
-32 -31 -1
-58 -211 -1
-60 -153 -1
-11 -151 -1
-32 -135 -1
-64 -63 -1
-15 -165 -1
-53 -47 -1
-53 -37 -1
-30 -43 -1
-63 -117 -1
-29 -69 -1
-6 -181 -1
-56 -125 -1
-12 -85 -1
-19 -159 -1
-23 -93 -1
-44 -211 -1
-12 -161 -1
-61 -55 -1
-6 -69 -1
-62 -33 -1
-18 -95 -1
-6 -27 -1
-28 -77 -1
-11 -65 -1
-38 -13 -1
-39 -107 -1
-51 -9 -1
-39 -217 -1
-18 -21 -1
-63 -107 -1
-24 -49 -1
-52 -201 -1
-19 -45 -1
-7 -5 -1
-43 -143 -1
-13 -73 -1
-55 -55 -1
-12 -33 -1
-36 -189 -1
-18 -145 -1
-36 -39 -1
-10 -103 -1
-46 -93 -1
-61 -171 -1
-47 -79 -1
-68 -201 -1
-16 -201 -1
-67 -205 -1
-25 -101 -1
-16 -199 -1
-39 -191 -1
-6 -159 -1
-34 -203 -1
-5 -27 -1
-49 -7 -1
-3 -159 -1
-63 -47 -1
-43 -127 -1
-3 -51 -1
-25 -199 -1
-46 -137 -1
-42 -217 -1
-21 -139 -1
-53 -161 -1
-53 -169 -1
-9 -7 -1
-62 -181 -1
-33 -139 -1
-27 -103 -1
-67 -29 -1
-8 -93 -1
-8 -41 -1
-15 -35 -1
-68 -155 -1
-67 -9 -1
-15 -13 -1
-33 -53 -1
-64 -167 -1
-16 -77 -1
-14 -151 -1
-43 -173 -1
-22 -175 -1
-18 -169 -1
-27 -159 -1
-55 -33 -1
-15 -205 -1
-25 -103 -1
-25 -67 -1
-5 -137 -1
-6 -133 -1
-56 -61 -1
-16 -205 -1
-62 -163 -1
-31 -57 -1
-61 -139 -1
-31 -59 -1
-68 -109 -1
-33 -1 -1
-41 -185 -1
-68 -127 -1
-40 -131 -1
-37 -181 -1
-40 -217 -1
-35 -155 -1
-33 -163 -1
-40 -219 -1
-64 -189 -1
-21 -9 -1
-9 -41 -1
-65 -103 -1
-55 -15 -1
-25 -11 -1
-25 -33 -1
-39 -215 -1
-33 -121 -1
-9 -199 -1
-22 -163 -1
-36 -197 -1
-42 -49 -1
-53 -65 -1
-2 -139 -1
-9 -129 -1
-7 -207 -1
-22 -139 -1
-68 -187 -1
-55 -133 -1
-57 -43 -1
-43 -217 -1
-63 -165 -1
-28 -27 -1
-35 -15 -1
-38 -143 -1
-66 -127 -1
-40 -119 -1
-68 -69 -1
-32 -143 -1
-21 -27 -1
-15 -103 -1
-28 -115 -1
-29 -181 -1
-28 -201 -1
-13 -21 -1
-55 -15 -1
-25 -3 -1
-20 -63 -1
-48 -71 -1
-33 -65 -1
-13 -165 -1
-42 -165 -1
-50 -61 -1
-67 -95 -1
-68 -181 -1
-42 -147 -1
-32 -47 -1
-45 -67 -1
-38 -139 -1
-63 -39 -1
-19 -129 -1
-27 -99 -1
-8 -5 -1
-50 -73 -1
-41 -215 -1
-11 -217 -1
-49 -31 -1
-15 -219 -1
-27 -145 -1
-37 -99 -1
-9 -107 -1
-22 -103 -1
-8 -69 -1
-28 -127 -1
-29 -135 -1
-1 -123 -1
-54 -57 -1
-36 -19 -1
-3 -151 -1
-14 -75 -1
-52 -111 -1
-24 -35 -1
-35 -41 -1
-21 -187 -1
-5 -215 -1
-58 -45 -1
-43 -67 -1
-3 -7 -1
-3 -105 -1
-55 -177 -1
-20 -7 -1
-6 -5 -1
-61 -9 -1
-29 -219 -1
-15 -185 -1
-18 -5 -1
-46 -71 -1
-12 -157 -1
-55 -121 -1
-40 -11 -1
-51 -83 -1
-65 -169 -1
-24 -195 -1
-24 -101 -1
-10 -99 -1
-33 -189 -1
-37 -171 -1
-10 -21 -1
-68 -189 -1
-67 -163 -1
-5 -123 -1
-29 -217 -1
-24 -139 -1
-39 -205 -1
-37 -63 -1
-20 -211 -1
-7 -153 -1
-32 -21 -1
-6 -161 -1
-27 -43 -1
-60 -99 -1
-32 -41 -1
-40 -135 -1
-39 -21 -1
-43 -201 -1
-38 -217 -1
-11 -49 -1
-24 -169 -1
-18 -41 -1
-62 -35 -1
-33 -117 -1
-20 -177 -1
-19 -113 -1
-68 -11 -1
-6 -157 -1
-25 -93 -1
-52 -69 -1
-17 -219 -1
-9 -149 -1
-32 -59 -1
-30 -53 -1
-60 -45 -1
-49 -95 -1
-55 -165 -1
-44 -167 -1
-27 -83 -1
-29 -9 -1
-68 -165 -1
-13 -3 -1
-51 -139 -1
-51 -7 -1
-61 -93 -1
-35 -15 -1
-15 -37 -1
-38 -177 -1
-13 -5 -1
-11 -31 -1
-49 -161 -1
-29 -69 -1
-7 -189 -1
-1 -47 -1
-23 -211 -1
-20 -1 -1
-14 -141 -1
-24 -75 -1
-57 -105 -1
-34 -45 -1
-62 -89 -1
-24 -37 -1
-50 -109 -1
-60 -205 -1
-50 -51 -1
-34 -209 -1
-57 -11 -1
-36 -143 -1
-15 -31 -1
-55 -187 -1
-29 -201 -1
-6 -133 -1
-54 -215 -1
-44 -37 -1
-24 -7 -1
-46 -119 -1
-45 -101 -1
-47 -201 -1
-48 -171 -1
-60 -37 -1
-62 -195 -1
-8 -155 -1
-53 -91 -1
-10 -109 -1
-42 -109 -1
-30 -153 -1
-59 -141 -1
-20 -9 -1
-19 -69 -1
-68 -5 -1
-13 -1 -1
-65 -85 -1
-61 -77 -1
-17 -27 -1
-2 -37 -1
-29 -127 -1
-20 -121 -1
-20 -91 -1
-15 -135 -1
-34 -115 -1
-44 -87 -1
-29 -197 -1
-48 -179 -1
-48 -131 -1
-46 -171 -1
-38 -59 -1
-26 -205 -1
-9 -41 -1
-66 -203 -1
-28 -9 -1
-6 -107 -1
-45 -147 -1
-32 -39 -1
-61 -23 -1
-65 -205 -1
-6 -21 -1
-22 -5 -1
-50 -71 -1
-34 -51 -1
-56 -77 -1
-17 -89 -1
-4 -95 -1
-13 -101 -1
-44 -31 -1
-56 -123 -1
-43 -141 -1
-20 -207 -1
-40 -145 -1
-2 -85 -1
-1 -77 -1
-51 -37 -1
-47 -157 -1
-50 -167 -1
-61 -105 -1
-49 -85 -1
-52 -31 -1
-45 -173 -1
-8 -163 -1
-16 -61 -1
-58 -117 -1
-63 -5 -1
-15 -31 -1
-49 -173 -1
-11 -215 -1
-50 -155 -1
-20 -149 -1
-63 -135 -1
-58 -55 -1
-60 -161 -1
-11 -35 -1
-62 -123 -1
-56 -49 -1
-30 -165 -1
-33 -53 -1
-15 -159 -1
-10 -63 -1
-37 -153 -1
-10 -73 -1
-33 -151 -1
-40 -81 -1
-48 -13 -1
-27 -207 -1
-58 -147 -1
-24 -153 -1
-40 -219 -1
-63 -157 -1
-15 -49 -1
-12 -117 -1
-3 -197 -1
-16 -15 -1
-35 -3 -1
-41 -7 -1
-49 -47 -1
-44 -217 -1
-37 -161 -1
-11 -217 -1
-33 -99 -1
-23 -87 -1
-51 -165 -1
-28 -145 -1
-65 -53 -1
-50 -109 -1
-67 -93 -1
-12 -183 -1
-50 -53 -1
-27 -43 -1
-68 -85 -1
-41 -33 -1
-44 -17 -1
-39 -41 -1
-19 -159 -1
-33 -95 -1
-57 -31 -1
-68 -85 -1
-44 -167 -1
-5 -93 -1
-15 -215 -1
-40 -181 -1
-51 -73 -1
-25 -189 -1
-20 -111 -1
-10 -109 -1
-19 -169 -1
-24 -67 -1
-47 -107 -1
-21 -83 -1
-28 -149 -1
-14 -57 -1
-20 -23 -1
-50 -177 -1
-50 -7 -1
-61 -3 -1
-17 -139 -1
-2 -157 -1
-49 -35 -1
-44 -37 -1
-67 -85 -1
-41 -211 -1
-33 -97 -1
-41 -109 -1
-49 -191 -1
-61 -109 -1
-49 -15 -1
-42 -71 -1
-43 -203 -1
-51 -105 -1
-45 -83 -1
-30 -55 -1
-64 -157 -1
-66 -123 -1
-33 -57 -1
-10 -95 -1
-10 -17 -1
-38 -157 -1
-46 -119 -1
-5 -189 -1
-45 -19 -1
-12 -191 -1
-32 -191 -1
-34 -63 -1
-52 -197 -1
-57 -119 -1
-65 -139 -1
-17 -129 -1
-58 -125 -1
-21 -35 -1
-25 -37 -1
-5 -39 -1
-68 -189 -1
-23 -161 -1
-24 -1 -1
-22 -9 -1
-19 -143 -1
-54 -87 -1
-10 -31 -1
-52 -9 -1
-66 -111 -1
-31 -43 -1
-62 -197 -1
-23 -205 -1
-66 -105 -1
-47 -153 -1
-7 -25 -1
-13 -141 -1
-19 -157 -1
-24 -171 -1
-55 -121 -1
-68 -107 -1
-14 -137 -1
-63 -193 -1
-28 -191 -1
-29 -153 -1
-29 -209 -1
-68 -153 -1
-25 -143 -1
-32 -127 -1
-44 -157 -1
-20 -23 -1
-13 -47 -1
-9 -215 -1
-11 -1 -1
-12 -185 -1
-26 -77 -1
-45 -35 -1
-12 -149 -1
-42 -111 -1
-52 -117 -1
-66 -163 -1
-56 -77 -1
-49 -213 -1
-57 -121 -1
-59 -47 -1
-54 -175 -1
-55 -11 -1
-60 -189 -1
-49 -119 -1
-57 -69 -1
-42 -147 -1
-21 -33 -1
-44 -3 -1
-60 -171 -1
-10 -55 -1
-2 -89 -1
-23 -73 -1
-11 -131 -1
-21 -39 -1
-16 -145 -1
-46 -7 -1
-62 -69 -1
-20 -117 -1
-21 -7 -1
-62 -197 -1
-15 -13 -1
-50 -1 -1
-25 -91 -1
-61 -25 -1
-54 -139 -1
-19 -13 -1
-50 -205 -1
-16 -121 -1
-26 -47 -1
-39 -5 -1
-2 -149 -1
-15 -197 -1
-38 -151 -1
-42 -23 -1
-37 -71 -1
-58 -111 -1
-30 -49 -1
-57 -195 -1
-30 -147 -1
-36 -3 -1
-33 -105 -1
-37 -15 -1
-24 -7 -1
-28 -73 -1
-57 -83 -1
-36 -79 -1
-36 -29 -1
-60 -209 -1
-50 -63 -1
-19 -187 -1
-3 -97 -1
-3 -91 -1
-29 -59 -1
-59 -121 -1
-10 -53 -1
-58 -201 -1
-16 -149 -1
-56 -9 -1
-31 -121 -1
-18 -47 -1
-10 -17 -1
-61 -13 -1
-44 -9 -1
-47 -49 -1
-14 -117 -1
-6 -99 -1
-33 -37 -1
-42 -67 -1
-48 -207 -1
-67 -77 -1
-68 -145 -1
-28 -55 -1
-27 -159 -1
-43 -209 -1
-13 -215 -1
-61 -213 -1
-28 -79 -1
-27 -149 -1
-33 -15 -1
-28 -203 -1
-30 -163 -1
-61 -17 -1
-18 -209 -1
-30 -127 -1
-14 -57 -1
-8 -41 -1
-47 -137 -1
-66 -113 -1
-14 -35 -1
-29 -131 -1
-12 -197 -1
-58 -17 -1
-61 -73 -1
-22 -67 -1
-60 -147 -1
-17 -99 -1
-3 -1 -1
-6 -159 -1
-29 -195 -1
-28 -135 -1
-49 -45 -1
-41 -155 -1
-46 -1 -1
-61 -73 -1
-11 -177 -1
-16 -93 -1
-40 -23 -1
-21 -181 -1
-36 -63 -1
-59 -23 -1
-45 -103 -1
-36 -139 -1
-66 -187 -1
-8 -135 -1
-31 -147 -1
-41 -127 -1
-30 -91 -1
-17 -23 -1
-66 -9 -1
-9 -135 -1
-66 -201 -1
-62 -137 -1
-30 -209 -1
-4 -75 -1
-12 -215 -1
-68 -55 -1
-32 -133 -1
-14 -179 -1
-61 -163 -1
-31 -35 -1
-39 -105 -1
-17 -207 -1
-48 -145 -1
-29 -209 -1
-48 -111 -1
-15 -109 -1
-65 -1 -1
-28 -1 -1
-4 -105 -1
-41 -183 -1
-24 -61 -1
-65 -125 -1
-42 -103 -1
-10 -205 -1
-28 -99 -1
-46 -129 -1
-58 -65 -1
-6 -41 -1
-37 -127 -1
-48 -183 -1
-27 -197 -1
-58 -23 -1
-46 -109 -1
-43 -17 -1
-51 -145 -1
-4 -129 -1
-7 -13 -1
-23 -43 -1
-55 -23 -1
-51 -133 -1
-33 -183 -1
-20 -159 -1
-38 -115 -1
-59 -87 -1
-5 -49 -1
-45 -219 -1
-2 -179 -1
-40 -187 -1
-42 -85 -1
-50 -157 -1
-2 -103 -1
-60 -171 -1
-52 -187 -1
-21 -29 -1
-60 -65 -1
-50 -31 -1
-35 -207 -1
-20 -135 -1
-24 -187 -1
-61 -27 -1
-68 -137 -1
-45 -149 -1
-63 -71 -1
-4 -103 -1
-68 -79 -1
-46 -217 -1
-24 -59 -1
-50 -117 -1
-39 -19 -1
-27 -113 -1
-19 -23 -1
-1 -1 -1
-15 -9 -1
-32 -107 -1
-36 -15 -1
-4 -135 -1
-6 -167 -1
-7 -97 -1
-44 -45 -1
-20 -143 -1
-17 -125 -1
-38 -123 -1
-16 -211 -1
-47 -197 -1
-44 -25 -1
-49 -79 -1
-45 -195 -1
-67 -85 -1
-4 -65 -1
-56 -187 -1
-19 -169 -1
-66 -117 -1
-29 -183 -1
-32 -13 -1
-12 -203 -1
-19 -203 -1
-2 -113 -1
-56 -211 -1
-36 -79 -1
-68 -97 -1
-28 -91 -1
-24 -95 -1
-58 -3 -1
-46 -217 -1
-49 -107 -1
-67 -79 -1
-7 -115 -1
-14 -85 -1
-35 -133 -1
-8 -23 -1
-47 -149 -1
-18 -203 -1
-31 -219 -1
-39 -103 -1
-27 -19 -1
-3 -145 -1
-13 -97 -1
-18 -7 -1
-64 -43 -1
-38 -149 -1
-63 -219 -1
-21 -55 -1
-51 -47 -1
-43 -17 -1
-7 -187 -1
-27 -111 -1
-8 -33 -1
-8 -55 -1
-24 -199 -1
-13 -107 -1
-30 -23 -1
-31 -213 -1
-16 -153 -1
-11 -17 -1
-5 -23 -1
-51 -51 -1
-21 -87 -1
-41 -167 -1
-5 -211 -1
-15 -161 -1
-41 -17 -1
-41 -141 -1
-58 -7 -1
-61 -45 -1
-52 -99 -1
-3 -179 -1
-64 -111 -1
-48 -169 -1
-28 -59 -1
-68 -205 -1
-15 -3 -1
-36 -157 -1
-51 -113 -1
-53 -75 -1
-1 -173 -1
-14 -111 -1
-46 -27 -1
-4 -81 -1
-7 -11 -1
-29 -101 -1
-19 -87 -1
-32 -193 -1
-21 -63 -1
-16 -65 -1
-67 -135 -1
-37 -75 -1
-25 -79 -1
-51 -111 -1
-19 -29 -1
-3 -149 -1
-8 -53 -1
-63 -97 -1
-14 -173 -1
-54 -145 -1
-36 -27 -1
-53 -149 -1
-53 -29 -1
-37 -101 -1
-45 -135 -1
-12 -183 -1
-68 -197 -1
-40 -187 -1
-61 -131 -1
-28 -181 -1
-64 -81 -1
-54 -127 -1
-50 -15 -1
-7 -143 -1
-27 -11 -1
-60 -151 -1
-5 -207 -1
-60 -197 -1
-57 -215 -1
-3 -75 -1
-7 -49 -1
-3 -195 -1
-35 -71 -1
-18 -43 -1
-11 -27 -1
-6 -17 -1
-41 -133 -1
-63 -201 -1
-50 -105 -1
-5 -135 -1
-32 -47 -1
-66 -85 -1
-14 -145 -1
-50 -181 -1
-67 -105 -1
-34 -63 -1
-20 -85 -1
-46 -1 -1
-64 -9 -1
-22 -43 -1
-27 -5 -1
-41 -181 -1
-3 -191 -1
-13 -147 -1
-18 -9 -1
-20 -25 -1
-55 -161 -1
-8 -205 -1
-30 -201 -1
-61 -91 -1
-12 -77 -1
-45 -135 -1
-25 -117 -1
-11 -17 -1
-1 -203 -1
-7 -61 -1
-54 -51 -1
-57 -81 -1
-15 -67 -1
-51 -207 -1
-36 -203 -1
-67 -29 -1
-54 -87 -1
-60 -163 -1
-14 -79 -1
-29 -91 -1
-46 -211 -1
-7 -25 -1
-51 -69 -1
-56 -63 -1
-66 -141 -1
-39 -59 -1
-31 -43 -1
-14 -181 -1
-15 -191 -1
-35 -11 -1
-53 -39 -1
-8 -177 -1
-7 -173 -1
-16 -71 -1
-6 -145 -1
-5 -85 -1
-55 -183 -1
-4 -49 -1
-8 -37 -1
-31 -23 -1
-65 -119 -1
-63 -81 -1
-32 -189 -1
-1 -75 -1
-53 -1 -1
-65 -17 -1
-49 -135 -1
-20 -49 -1
-68 -77 -1
-40 -113 -1
-50 -177 -1
-23 -197 -1
-39 -83 -1
-60 -41 -1
-14 -127 -1
-40 -129 -1
-17 -193 -1
-51 -165 -1
-46 -173 -1
-60 -113 -1
-3 -87 -1
-26 -19 -1
-25 -103 -1
-33 -1 -1
-48 -147 -1
-68 -169 -1
-19 -87 -1
-61 -17 -1
-39 -15 -1
-9 -151 -1
-40 -53 -1
-24 -99 -1
-33 -79 -1
-55 -49 -1
-67 -11 -1
-1 -173 -1
-61 -21 -1
-63 -67 -1
-63 -19 -1
-20 -205 -1
-55 -117 -1
-10 -133 -1
-34 -105 -1
-41 -213 -1
-3 -157 -1
-1 -59 -1
-33 -31 -1
-20 -111 -1
-67 -133 -1
-17 -77 -1
-61 -43 -1
-35 -91 -1
-18 -203 -1
-46 -5 -1
-59 -5 -1
-32 -145 -1
-18 -205 -1
-15 -167 -1
-20 -127 -1
-5 -181 -1
-26 -101 -1
-67 -67 -1
-45 -121 -1
-8 -147 -1
-37 -121 -1
-68 -197 -1
-27 -61 -1
-19 -71 -1
-42 -201 -1
-39 -63 -1
-3 -47 -1
-50 -205 -1
